<?xml version="1.0" encoding="utf-8"?>
<test-run id="2" name="nunitlite.tests.exe" fullname="D:/GitRoot（C）/A5信息系统研发/Lib/NUnit.Framework-3.6.1/net-4.0/nunitlite.tests.exe" testcasecount="214" result="Failed" start-time="2017-05-23 07:30:51Z" end-time="2017-05-23 07:30:52Z" duration="0.743797" total="214" passed="206" failed="7" inconclusive="0" skipped="1" asserts="564" random-seed="1560092404">
  <command-line><![CDATA["D:\GitRoot（C）\A5信息系统研发\Lib\NUnit.Framework-3.6.1\net-4.0\nunitlite.tests.exe" ]]></command-line>
  <filter />
  <test-suite type="Assembly" id="1241" name="nunitlite.tests.exe" fullname="D:/GitRoot（C）/A5信息系统研发/Lib/NUnit.Framework-3.6.1/net-4.0/nunitlite.tests.exe" runstate="Runnable" testcasecount="214" result="Failed" site="Child" start-time="2017-05-23 07:30:51Z" end-time="2017-05-23 07:30:52Z" duration="0.743797" total="214" passed="206" failed="7" warnings="0" inconclusive="0" skipped="1" asserts="564">
    <environment framework-version="3.6.1.0" clr-version="4.0.30319.42000" os-version="Microsoft Windows NT 6.2.9200.0" platform="Win32NT" cwd="D:\GitRoot（C）\A5信息系统研发\销售业务管理平台\赤兔联盟系统\XYAuto.ITSC.Chitunion2017.NUnitTest\bin\Debug" machine-name="MASHUANGJUN" user="masj" user-domain="TECH" culture="zh-CN" uiculture="zh-CN" os-architecture="x64" />
    <settings>
      <setting name="WorkDirectory" value="D:\GitRoot（C）\A5信息系统研发\销售业务管理平台\赤兔联盟系统\XYAuto.ITSC.Chitunion2017.NUnitTest\bin\Debug" />
      <setting name="NumberOfTestWorkers" value="4" />
    </settings>
    <properties>
      <property name="ParallelScope" value="Fixtures" />
      <property name="_PID" value="10276" />
      <property name="_APPDOMAIN" value="nunitlite.tests.exe" />
    </properties>
    <failure>
      <message><![CDATA[One or more child tests had errors]]></message>
    </failure>
    <test-suite type="TestSuite" id="1244" name="NUnit" fullname="NUnit" runstate="Runnable" testcasecount="76" result="Passed" start-time="2017-05-23 07:30:51Z" end-time="2017-05-23 07:30:51Z" duration="0.236650" total="76" passed="76" failed="0" warnings="0" inconclusive="0" skipped="0" asserts="178">
      <test-suite type="TestSuite" id="1247" name="ConsoleRunner" fullname="NUnit.ConsoleRunner" runstate="Runnable" testcasecount="2" result="Passed" start-time="2017-05-23 07:30:51Z" end-time="2017-05-23 07:30:51Z" duration="0.166537" total="2" passed="2" failed="0" warnings="0" inconclusive="0" skipped="0" asserts="2">
        <test-suite type="TestSuite" id="1248" name="Tests" fullname="NUnit.ConsoleRunner.Tests" runstate="Runnable" testcasecount="2" result="Passed" start-time="2017-05-23 07:30:51Z" end-time="2017-05-23 07:30:51Z" duration="0.162446" total="2" passed="2" failed="0" warnings="0" inconclusive="0" skipped="0" asserts="2">
          <test-suite type="TestFixture" id="1238" name="DefaultOptionsProviderTests" fullname="NUnit.ConsoleRunner.Tests.DefaultOptionsProviderTests" classname="NUnit.ConsoleRunner.Tests.DefaultOptionsProviderTests" runstate="Runnable" testcasecount="2" result="Passed" start-time="2017-05-23 07:30:51Z" end-time="2017-05-23 07:30:51Z" duration="0.030923" total="2" passed="2" failed="0" warnings="0" inconclusive="0" skipped="0" asserts="2">
            <test-case id="1240" name="ShouldRetTeamCityAsFalseWhenHasNotEnvironmentVariable_TEAMCITY_PROJECT_NAME" fullname="NUnit.ConsoleRunner.Tests.DefaultOptionsProviderTests.ShouldRetTeamCityAsFalseWhenHasNotEnvironmentVariable_TEAMCITY_PROJECT_NAME" methodname="ShouldRetTeamCityAsFalseWhenHasNotEnvironmentVariable_TEAMCITY_PROJECT_NAME" classname="NUnit.ConsoleRunner.Tests.DefaultOptionsProviderTests" runstate="Runnable" seed="2142760054" result="Passed" start-time="2017-05-23 07:30:51Z" end-time="2017-05-23 07:30:51Z" duration="0.002495" asserts="1" />
            <test-case id="1239" name="ShouldRetTeamCityAsTrueWhenHasEnvironmentVariable_TEAMCITY_PROJECT_NAME" fullname="NUnit.ConsoleRunner.Tests.DefaultOptionsProviderTests.ShouldRetTeamCityAsTrueWhenHasEnvironmentVariable_TEAMCITY_PROJECT_NAME" methodname="ShouldRetTeamCityAsTrueWhenHasEnvironmentVariable_TEAMCITY_PROJECT_NAME" classname="NUnit.ConsoleRunner.Tests.DefaultOptionsProviderTests" runstate="Runnable" seed="276241734" result="Passed" start-time="2017-05-23 07:30:51Z" end-time="2017-05-23 07:30:51Z" duration="0.001299" asserts="1" />
          </test-suite>
        </test-suite>
      </test-suite>
      <test-suite type="TestSuite" id="1245" name="Common" fullname="NUnit.Common" runstate="Runnable" testcasecount="74" result="Passed" start-time="2017-05-23 07:30:51Z" end-time="2017-05-23 07:30:51Z" duration="0.231626" total="74" passed="74" failed="0" warnings="0" inconclusive="0" skipped="0" asserts="176">
        <test-suite type="TestSuite" id="1246" name="Tests" fullname="NUnit.Common.Tests" runstate="Runnable" testcasecount="74" result="Passed" start-time="2017-05-23 07:30:51Z" end-time="2017-05-23 07:30:51Z" duration="0.227613" total="74" passed="74" failed="0" warnings="0" inconclusive="0" skipped="0" asserts="176">
          <test-suite type="TestFixture" id="1155" name="ExtendedTextWrapperTests" fullname="NUnit.Common.Tests.ExtendedTextWrapperTests" classname="NUnit.Common.Tests.ExtendedTextWrapperTests" runstate="Runnable" testcasecount="8" result="Passed" start-time="2017-05-23 07:30:51Z" end-time="2017-05-23 07:30:51Z" duration="0.085358" total="8" passed="8" failed="0" warnings="0" inconclusive="0" skipped="0" asserts="8">
            <test-case id="1156" name="Write" fullname="NUnit.Common.Tests.ExtendedTextWrapperTests.Write" methodname="Write" classname="NUnit.Common.Tests.ExtendedTextWrapperTests" runstate="Runnable" seed="410596619" result="Passed" start-time="2017-05-23 07:30:51Z" end-time="2017-05-23 07:30:51Z" duration="0.032598" asserts="1" />
            <test-case id="1157" name="Write_ColorStyle" fullname="NUnit.Common.Tests.ExtendedTextWrapperTests.Write_ColorStyle" methodname="Write_ColorStyle" classname="NUnit.Common.Tests.ExtendedTextWrapperTests" runstate="Runnable" seed="349768560" result="Passed" start-time="2017-05-23 07:30:51Z" end-time="2017-05-23 07:30:51Z" duration="0.000583" asserts="1" />
            <test-case id="1160" name="WriteLabel" fullname="NUnit.Common.Tests.ExtendedTextWrapperTests.WriteLabel" methodname="WriteLabel" classname="NUnit.Common.Tests.ExtendedTextWrapperTests" runstate="Runnable" seed="220838471" result="Passed" start-time="2017-05-23 07:30:51Z" end-time="2017-05-23 07:30:51Z" duration="0.000517" asserts="1" />
            <test-case id="1161" name="WriteLabel_ColorStyle" fullname="NUnit.Common.Tests.ExtendedTextWrapperTests.WriteLabel_ColorStyle" methodname="WriteLabel_ColorStyle" classname="NUnit.Common.Tests.ExtendedTextWrapperTests" runstate="Runnable" seed="639701306" result="Passed" start-time="2017-05-23 07:30:51Z" end-time="2017-05-23 07:30:51Z" duration="0.000631" asserts="1" />
            <test-case id="1162" name="WriteLabelLine" fullname="NUnit.Common.Tests.ExtendedTextWrapperTests.WriteLabelLine" methodname="WriteLabelLine" classname="NUnit.Common.Tests.ExtendedTextWrapperTests" runstate="Runnable" seed="301811672" result="Passed" start-time="2017-05-23 07:30:51Z" end-time="2017-05-23 07:30:51Z" duration="0.000759" asserts="1" />
            <test-case id="1163" name="WriteLabelLine_ColorStyle" fullname="NUnit.Common.Tests.ExtendedTextWrapperTests.WriteLabelLine_ColorStyle" methodname="WriteLabelLine_ColorStyle" classname="NUnit.Common.Tests.ExtendedTextWrapperTests" runstate="Runnable" seed="1367020780" result="Passed" start-time="2017-05-23 07:30:51Z" end-time="2017-05-23 07:30:51Z" duration="0.000553" asserts="1" />
            <test-case id="1158" name="WriteLine" fullname="NUnit.Common.Tests.ExtendedTextWrapperTests.WriteLine" methodname="WriteLine" classname="NUnit.Common.Tests.ExtendedTextWrapperTests" runstate="Runnable" seed="202435291" result="Passed" start-time="2017-05-23 07:30:51Z" end-time="2017-05-23 07:30:51Z" duration="0.000446" asserts="1" />
            <test-case id="1159" name="WriteLine_ColorStyle" fullname="NUnit.Common.Tests.ExtendedTextWrapperTests.WriteLine_ColorStyle" methodname="WriteLine_ColorStyle" classname="NUnit.Common.Tests.ExtendedTextWrapperTests" runstate="Runnable" seed="1033043481" result="Passed" start-time="2017-05-23 07:30:51Z" end-time="2017-05-23 07:30:51Z" duration="0.000587" asserts="1" />
          </test-suite>
          <test-suite type="TestFixture" id="1176" name="TestNameParserTests" fullname="NUnit.Common.Tests.TestNameParserTests" classname="NUnit.Common.Tests.TestNameParserTests" runstate="Runnable" testcasecount="13" result="Passed" start-time="2017-05-23 07:30:51Z" end-time="2017-05-23 07:30:51Z" duration="0.103287" total="13" passed="13" failed="0" warnings="0" inconclusive="0" skipped="0" asserts="30">
            <test-suite type="ParameterizedMethod" id="1186" name="SingleName" fullname="NUnit.Common.Tests.TestNameParserTests.SingleName" classname="NUnit.Common.Tests.TestNameParserTests" runstate="Runnable" testcasecount="9" result="Passed" start-time="2017-05-23 07:30:51Z" end-time="2017-05-23 07:30:51Z" duration="0.066557" total="9" passed="9" failed="0" warnings="0" inconclusive="0" skipped="0" asserts="18">
              <test-case id="1177" name="SingleName(&quot;Test.Namespace.Fixture.Method&quot;)" fullname="NUnit.Common.Tests.TestNameParserTests.SingleName(&quot;Test.Namespace.Fixture.Method&quot;)" methodname="SingleName" classname="NUnit.Common.Tests.TestNameParserTests" runstate="Runnable" seed="97874740" result="Passed" start-time="2017-05-23 07:30:51Z" end-time="2017-05-23 07:30:51Z" duration="0.023568" asserts="2" />
              <test-case id="1178" name="SingleName(&quot;Test.Namespace.Fixture.Method,&quot;)" fullname="NUnit.Common.Tests.TestNameParserTests.SingleName(&quot;Test.Namespace.Fixture.Method,&quot;)" methodname="SingleName" classname="NUnit.Common.Tests.TestNameParserTests" runstate="Runnable" seed="426487044" result="Passed" start-time="2017-05-23 07:30:51Z" end-time="2017-05-23 07:30:51Z" duration="0.000082" asserts="2" />
              <test-case id="1179" name="SingleName(&quot;  Test.Namespace.Fixture.Method  &quot;)" fullname="NUnit.Common.Tests.TestNameParserTests.SingleName(&quot;  Test.Namespace.Fixture.Method  &quot;)" methodname="SingleName" classname="NUnit.Common.Tests.TestNameParserTests" runstate="Runnable" seed="276926396" result="Passed" start-time="2017-05-23 07:30:51Z" end-time="2017-05-23 07:30:51Z" duration="0.000086" asserts="2" />
              <test-case id="1180" name="SingleName(&quot;  Test.Namespace.Fixture.Method  ,&quot;)" fullname="NUnit.Common.Tests.TestNameParserTests.SingleName(&quot;  Test.Namespace.Fixture.Method  ,&quot;)" methodname="SingleName" classname="NUnit.Common.Tests.TestNameParserTests" runstate="Runnable" seed="174363900" result="Passed" start-time="2017-05-23 07:30:51Z" end-time="2017-05-23 07:30:51Z" duration="0.000076" asserts="2" />
              <test-case id="1181" name="SingleName(&quot;Test.Namespace.Fixture.Method()&quot;)" fullname="NUnit.Common.Tests.TestNameParserTests.SingleName(&quot;Test.Namespace.Fixture.Method()&quot;)" methodname="SingleName" classname="NUnit.Common.Tests.TestNameParserTests" runstate="Runnable" seed="1021543441" result="Passed" start-time="2017-05-23 07:30:51Z" end-time="2017-05-23 07:30:51Z" duration="0.000089" asserts="2" />
              <test-case id="1182" name="SingleName(&quot;Test.Namespace.Fixture.Method(\&quot;string,argument\&quot;)&quot;)" fullname="NUnit.Common.Tests.TestNameParserTests.SingleName(&quot;Test.Namespace.Fixture.Method(\&quot;string,argument\&quot;)&quot;)" methodname="SingleName" classname="NUnit.Common.Tests.TestNameParserTests" runstate="Runnable" seed="6091311" result="Passed" start-time="2017-05-23 07:30:51Z" end-time="2017-05-23 07:30:51Z" duration="0.000093" asserts="2" />
              <test-case id="1183" name="SingleName(&quot;Test.Namespace.Fixture.Method(1,2,3)&quot;)" fullname="NUnit.Common.Tests.TestNameParserTests.SingleName(&quot;Test.Namespace.Fixture.Method(1,2,3)&quot;)" methodname="SingleName" classname="NUnit.Common.Tests.TestNameParserTests" runstate="Runnable" seed="227910049" result="Passed" start-time="2017-05-23 07:30:51Z" end-time="2017-05-23 07:30:51Z" duration="0.000072" asserts="2" />
              <test-case id="1184" name="SingleName(&quot;Test.Namespace.Fixture.Method&lt;int,int&gt;()&quot;)" fullname="NUnit.Common.Tests.TestNameParserTests.SingleName(&quot;Test.Namespace.Fixture.Method&lt;int,int&gt;()&quot;)" methodname="SingleName" classname="NUnit.Common.Tests.TestNameParserTests" runstate="Runnable" seed="1774885978" result="Passed" start-time="2017-05-23 07:30:51Z" end-time="2017-05-23 07:30:51Z" duration="0.000079" asserts="2" />
              <test-case id="1185" name="SingleName(&quot;Test.Namespace.Fixture.Method(\&quot;)\&quot;)&quot;)" fullname="NUnit.Common.Tests.TestNameParserTests.SingleName(&quot;Test.Namespace.Fixture.Method(\&quot;)\&quot;)&quot;)" methodname="SingleName" classname="NUnit.Common.Tests.TestNameParserTests" runstate="Runnable" seed="1165116307" result="Passed" start-time="2017-05-23 07:30:51Z" end-time="2017-05-23 07:30:51Z" duration="0.000083" asserts="2" />
            </test-suite>
            <test-suite type="ParameterizedMethod" id="1191" name="TwoNames" fullname="NUnit.Common.Tests.TestNameParserTests.TwoNames" classname="NUnit.Common.Tests.TestNameParserTests" runstate="Runnable" testcasecount="4" result="Passed" start-time="2017-05-23 07:30:51Z" end-time="2017-05-23 07:30:51Z" duration="0.022081" total="4" passed="4" failed="0" warnings="0" inconclusive="0" skipped="0" asserts="12">
              <test-case id="1187" name="TwoNames(&quot;Test.Namespace.Fixture.Method1&quot;,&quot;Test.Namespace.Fixture.Method2&quot;)" fullname="NUnit.Common.Tests.TestNameParserTests.TwoNames(&quot;Test.Namespace.Fixture.Method1&quot;,&quot;Test.Namespace.Fixture.Method2&quot;)" methodname="TwoNames" classname="NUnit.Common.Tests.TestNameParserTests" runstate="Runnable" seed="187293379" result="Passed" start-time="2017-05-23 07:30:51Z" end-time="2017-05-23 07:30:51Z" duration="0.000675" asserts="3" />
              <test-case id="1188" name="TwoNames(&quot;Test.Namespace.Fixture.Method1&quot;,&quot;Test.Namespace.Fixture.Method2,&quot;)" fullname="NUnit.Common.Tests.TestNameParserTests.TwoNames(&quot;Test.Namespace.Fixture.Method1&quot;,&quot;Test.Namespace.Fixture.Method2,&quot;)" methodname="TwoNames" classname="NUnit.Common.Tests.TestNameParserTests" runstate="Runnable" seed="1608427144" result="Passed" start-time="2017-05-23 07:30:51Z" end-time="2017-05-23 07:30:51Z" duration="0.000069" asserts="3" />
              <test-case id="1189" name="TwoNames(&quot;Test.Namespace.Fixture.Method1(1,2)&quot;,&quot;Test.Namespace.Fixture.Method2(3,4)&quot;)" fullname="NUnit.Common.Tests.TestNameParserTests.TwoNames(&quot;Test.Namespace.Fixture.Method1(1,2)&quot;,&quot;Test.Namespace.Fixture.Method2(3,4)&quot;)" methodname="TwoNames" classname="NUnit.Common.Tests.TestNameParserTests" runstate="Runnable" seed="502512932" result="Passed" start-time="2017-05-23 07:30:51Z" end-time="2017-05-23 07:30:51Z" duration="0.000068" asserts="3" />
              <test-case id="1190" name="TwoNames(&quot;Test.Namespace.Fixture.Method1(\&quot;(\&quot;)&quot;,&quot;Test.Namespace.Fixture.Method2(\&quot;&lt;\&quot;)&quot;)" fullname="NUnit.Common.Tests.TestNameParserTests.TwoNames(&quot;Test.Namespace.Fixture.Method1(\&quot;(\&quot;)&quot;,&quot;Test.Namespace.Fixture.Method2(\&quot;&lt;\&quot;)&quot;)" methodname="TwoNames" classname="NUnit.Common.Tests.TestNameParserTests" runstate="Runnable" seed="1318557512" result="Passed" start-time="2017-05-23 07:30:51Z" end-time="2017-05-23 07:30:51Z" duration="0.000881" asserts="3" />
            </test-suite>
          </test-suite>
          <test-suite type="TestFixture" id="1164" name="OutputSpecificationTests" fullname="NUnit.Common.Tests.OutputSpecificationTests" classname="NUnit.Common.Tests.OutputSpecificationTests" runstate="Runnable" testcasecount="11" result="Passed" start-time="2017-05-23 07:30:51Z" end-time="2017-05-23 07:30:51Z" duration="0.176380" total="11" passed="11" failed="0" warnings="0" inconclusive="0" skipped="0" asserts="21">
            <test-case id="1168" name="FileNameOnly" fullname="NUnit.Common.Tests.OutputSpecificationTests.FileNameOnly" methodname="FileNameOnly" classname="NUnit.Common.Tests.OutputSpecificationTests" runstate="Runnable" seed="2125933910" result="Passed" start-time="2017-05-23 07:30:51Z" end-time="2017-05-23 07:30:51Z" duration="0.003219" asserts="3" />
            <test-case id="1169" name="FileNamePlusFormat" fullname="NUnit.Common.Tests.OutputSpecificationTests.FileNamePlusFormat" methodname="FileNamePlusFormat" classname="NUnit.Common.Tests.OutputSpecificationTests" runstate="Runnable" seed="2138552558" result="Passed" start-time="2017-05-23 07:30:51Z" end-time="2017-05-23 07:30:51Z" duration="0.000505" asserts="3" />
            <test-case id="1170" name="FileNamePlusTransform" fullname="NUnit.Common.Tests.OutputSpecificationTests.FileNamePlusTransform" methodname="FileNamePlusTransform" classname="NUnit.Common.Tests.OutputSpecificationTests" runstate="Runnable" seed="1349278541" result="Passed" start-time="2017-05-23 07:30:51Z" end-time="2017-05-23 07:30:51Z" duration="0.000543" asserts="3" />
            <test-case id="1173" name="MultipleFormatSpecifiersNotAllowed" fullname="NUnit.Common.Tests.OutputSpecificationTests.MultipleFormatSpecifiersNotAllowed" methodname="MultipleFormatSpecifiersNotAllowed" classname="NUnit.Common.Tests.OutputSpecificationTests" runstate="Runnable" seed="1909659571" result="Passed" start-time="2017-05-23 07:30:51Z" end-time="2017-05-23 07:30:51Z" duration="0.021138" asserts="1" />
            <test-case id="1174" name="MultipleTransformSpecifiersNotAllowed" fullname="NUnit.Common.Tests.OutputSpecificationTests.MultipleTransformSpecifiersNotAllowed" methodname="MultipleTransformSpecifiersNotAllowed" classname="NUnit.Common.Tests.OutputSpecificationTests" runstate="Runnable" seed="1691168017" result="Passed" start-time="2017-05-23 07:30:51Z" end-time="2017-05-23 07:30:51Z" duration="0.004390" asserts="1" />
            <test-case id="1165" name="SpecMayNotBeNull" fullname="NUnit.Common.Tests.OutputSpecificationTests.SpecMayNotBeNull" methodname="SpecMayNotBeNull" classname="NUnit.Common.Tests.OutputSpecificationTests" runstate="Runnable" seed="696879344" result="Passed" start-time="2017-05-23 07:30:51Z" end-time="2017-05-23 07:30:51Z" duration="0.001323" asserts="1" />
            <test-case id="1166" name="SpecOptionMustContainEqualSign" fullname="NUnit.Common.Tests.OutputSpecificationTests.SpecOptionMustContainEqualSign" methodname="SpecOptionMustContainEqualSign" classname="NUnit.Common.Tests.OutputSpecificationTests" runstate="Runnable" seed="1531431147" result="Passed" start-time="2017-05-23 07:30:51Z" end-time="2017-05-23 07:30:51Z" duration="0.062210" asserts="1" />
            <test-case id="1167" name="SpecOptionMustContainJustOneEqualSign" fullname="NUnit.Common.Tests.OutputSpecificationTests.SpecOptionMustContainJustOneEqualSign" methodname="SpecOptionMustContainJustOneEqualSign" classname="NUnit.Common.Tests.OutputSpecificationTests" runstate="Runnable" seed="77946700" result="Passed" start-time="2017-05-23 07:30:51Z" end-time="2017-05-23 07:30:51Z" duration="0.001163" asserts="1" />
            <test-case id="1175" name="TransformWithNonUserFormatNotAllowed" fullname="NUnit.Common.Tests.OutputSpecificationTests.TransformWithNonUserFormatNotAllowed" methodname="TransformWithNonUserFormatNotAllowed" classname="NUnit.Common.Tests.OutputSpecificationTests" runstate="Runnable" seed="1579258610" result="Passed" start-time="2017-05-23 07:30:51Z" end-time="2017-05-23 07:30:51Z" duration="0.001366" asserts="1" />
            <test-case id="1171" name="UserFormatMayBeIndicatedExplicitlyAfterTransform" fullname="NUnit.Common.Tests.OutputSpecificationTests.UserFormatMayBeIndicatedExplicitlyAfterTransform" methodname="UserFormatMayBeIndicatedExplicitlyAfterTransform" classname="NUnit.Common.Tests.OutputSpecificationTests" runstate="Runnable" seed="78490571" result="Passed" start-time="2017-05-23 07:30:51Z" end-time="2017-05-23 07:30:51Z" duration="0.000382" asserts="3" />
            <test-case id="1172" name="UserFormatMayBeIndicatedExplicitlyBeforeTransform" fullname="NUnit.Common.Tests.OutputSpecificationTests.UserFormatMayBeIndicatedExplicitlyBeforeTransform" methodname="UserFormatMayBeIndicatedExplicitlyBeforeTransform" classname="NUnit.Common.Tests.OutputSpecificationTests" runstate="Runnable" seed="1453478865" result="Passed" start-time="2017-05-23 07:30:51Z" end-time="2017-05-23 07:30:51Z" duration="0.000477" asserts="3" />
          </test-suite>
          <test-suite type="TestFixture" id="1225" name="TokenizerTests" fullname="NUnit.Common.Tests.TokenizerTests" classname="NUnit.Common.Tests.TokenizerTests" runstate="Runnable" testcasecount="12" result="Passed" start-time="2017-05-23 07:30:51Z" end-time="2017-05-23 07:30:51Z" duration="0.107308" total="12" passed="12" failed="0" warnings="0" inconclusive="0" skipped="0" asserts="61">
            <test-case id="1227" name="BlankStringReturnsEof" fullname="NUnit.Common.Tests.TokenizerTests.BlankStringReturnsEof" methodname="BlankStringReturnsEof" classname="NUnit.Common.Tests.TokenizerTests" runstate="Runnable" seed="2055163903" result="Passed" start-time="2017-05-23 07:30:51Z" end-time="2017-05-23 07:30:51Z" duration="0.003088" asserts="3" />
            <test-case id="1228" name="IdentifierTokens" fullname="NUnit.Common.Tests.TokenizerTests.IdentifierTokens" methodname="IdentifierTokens" classname="NUnit.Common.Tests.TokenizerTests" runstate="Runnable" seed="638360801" result="Passed" start-time="2017-05-23 07:30:51Z" end-time="2017-05-23 07:30:51Z" duration="0.001436" asserts="5" />
            <test-case id="1237" name="MixedTokens_Complex" fullname="NUnit.Common.Tests.TokenizerTests.MixedTokens_Complex" methodname="MixedTokens_Complex" classname="NUnit.Common.Tests.TokenizerTests" runstate="Runnable" seed="404514957" result="Passed" start-time="2017-05-23 07:30:51Z" end-time="2017-05-23 07:30:51Z" duration="0.052065" asserts="14" />
            <test-case id="1236" name="MixedTokens_Simple" fullname="NUnit.Common.Tests.TokenizerTests.MixedTokens_Simple" methodname="MixedTokens_Simple" classname="NUnit.Common.Tests.TokenizerTests" runstate="Runnable" seed="89788944" result="Passed" start-time="2017-05-23 07:30:51Z" end-time="2017-05-23 07:30:51Z" duration="0.000821" asserts="4" />
            <test-case id="1226" name="NullInputThrowsException" fullname="NUnit.Common.Tests.TokenizerTests.NullInputThrowsException" methodname="NullInputThrowsException" classname="NUnit.Common.Tests.TokenizerTests" runstate="Runnable" seed="1932206051" result="Passed" start-time="2017-05-23 07:30:51Z" end-time="2017-05-23 07:30:51Z" duration="0.001493" asserts="1" />
            <test-case id="1233" name="StringsMayContainEscapedQuoteChar" fullname="NUnit.Common.Tests.TokenizerTests.StringsMayContainEscapedQuoteChar" methodname="StringsMayContainEscapedQuoteChar" classname="NUnit.Common.Tests.TokenizerTests" runstate="Runnable" seed="1371243809" result="Passed" start-time="2017-05-23 07:30:51Z" end-time="2017-05-23 07:30:51Z" duration="0.000960" asserts="4" />
            <test-case id="1230" name="StringWithDoubleQuotes" fullname="NUnit.Common.Tests.TokenizerTests.StringWithDoubleQuotes" methodname="StringWithDoubleQuotes" classname="NUnit.Common.Tests.TokenizerTests" runstate="Runnable" seed="1738962544" result="Passed" start-time="2017-05-23 07:30:51Z" end-time="2017-05-23 07:30:51Z" duration="0.000814" asserts="4" />
            <test-case id="1231" name="StringWithSingleQuotes" fullname="NUnit.Common.Tests.TokenizerTests.StringWithSingleQuotes" methodname="StringWithSingleQuotes" classname="NUnit.Common.Tests.TokenizerTests" runstate="Runnable" seed="1447569224" result="Passed" start-time="2017-05-23 07:30:51Z" end-time="2017-05-23 07:30:51Z" duration="0.000751" asserts="4" />
            <test-case id="1232" name="StringWithSlashes" fullname="NUnit.Common.Tests.TokenizerTests.StringWithSlashes" methodname="StringWithSlashes" classname="NUnit.Common.Tests.TokenizerTests" runstate="Runnable" seed="72479783" result="Passed" start-time="2017-05-23 07:30:51Z" end-time="2017-05-23 07:30:51Z" duration="0.000870" asserts="4" />
            <test-case id="1235" name="SymbolTokens_DoubleChar" fullname="NUnit.Common.Tests.TokenizerTests.SymbolTokens_DoubleChar" methodname="SymbolTokens_DoubleChar" classname="NUnit.Common.Tests.TokenizerTests" runstate="Runnable" seed="1758935130" result="Passed" start-time="2017-05-23 07:30:51Z" end-time="2017-05-23 07:30:51Z" duration="0.000958" asserts="7" />
            <test-case id="1234" name="SymbolTokens_SingleChar" fullname="NUnit.Common.Tests.TokenizerTests.SymbolTokens_SingleChar" methodname="SymbolTokens_SingleChar" classname="NUnit.Common.Tests.TokenizerTests" runstate="Runnable" seed="1449031649" result="Passed" start-time="2017-05-23 07:30:51Z" end-time="2017-05-23 07:30:51Z" duration="0.001214" asserts="7" />
            <test-case id="1229" name="WordsInUnicode" fullname="NUnit.Common.Tests.TokenizerTests.WordsInUnicode" methodname="WordsInUnicode" classname="NUnit.Common.Tests.TokenizerTests" runstate="Runnable" seed="1032095507" result="Passed" start-time="2017-05-23 07:30:51Z" end-time="2017-05-23 07:30:51Z" duration="0.000739" asserts="4" />
          </test-suite>
          <test-suite type="TestFixture" id="1192" name="TestSelectionParserTests" fullname="NUnit.Common.Tests.TestSelectionParserTests" classname="NUnit.Common.Tests.TestSelectionParserTests" runstate="Runnable" testcasecount="30" result="Passed" start-time="2017-05-23 07:30:51Z" end-time="2017-05-23 07:30:51Z" duration="0.213588" total="30" passed="30" failed="0" warnings="0" inconclusive="0" skipped="0" asserts="56">
            <test-suite type="ParameterizedMethod" id="1219" name="TestParser" fullname="NUnit.Common.Tests.TestSelectionParserTests.TestParser" classname="NUnit.Common.Tests.TestSelectionParserTests" runstate="Runnable" testcasecount="26" result="Passed" start-time="2017-05-23 07:30:51Z" end-time="2017-05-23 07:30:51Z" duration="0.182494" total="26" passed="26" failed="0" warnings="0" inconclusive="0" skipped="0" asserts="52">
              <test-case id="1193" name="TestParser(&quot;cat=Urgent&quot;,&quot;&lt;cat&gt;Urgent&lt;/cat&gt;&quot;)" fullname="NUnit.Common.Tests.TestSelectionParserTests.TestParser(&quot;cat=Urgent&quot;,&quot;&lt;cat&gt;Urgent&lt;/cat&gt;&quot;)" methodname="TestParser" classname="NUnit.Common.Tests.TestSelectionParserTests" runstate="Runnable" seed="1089685435" result="Passed" start-time="2017-05-23 07:30:51Z" end-time="2017-05-23 07:30:51Z" duration="0.018914" asserts="2" />
              <test-case id="1194" name="TestParser(&quot;cat==Urgent&quot;,&quot;&lt;cat&gt;Urgent&lt;/cat&gt;&quot;)" fullname="NUnit.Common.Tests.TestSelectionParserTests.TestParser(&quot;cat==Urgent&quot;,&quot;&lt;cat&gt;Urgent&lt;/cat&gt;&quot;)" methodname="TestParser" classname="NUnit.Common.Tests.TestSelectionParserTests" runstate="Runnable" seed="1188768420" result="Passed" start-time="2017-05-23 07:30:51Z" end-time="2017-05-23 07:30:51Z" duration="0.000169" asserts="2" />
              <test-case id="1195" name="TestParser(&quot;cat!=Urgent&quot;,&quot;&lt;not&gt;&lt;cat&gt;Urgent&lt;/cat&gt;&lt;/not&gt;&quot;)" fullname="NUnit.Common.Tests.TestSelectionParserTests.TestParser(&quot;cat!=Urgent&quot;,&quot;&lt;not&gt;&lt;cat&gt;Urgent&lt;/cat&gt;&lt;/not&gt;&quot;)" methodname="TestParser" classname="NUnit.Common.Tests.TestSelectionParserTests" runstate="Runnable" seed="1083690253" result="Passed" start-time="2017-05-23 07:30:51Z" end-time="2017-05-23 07:30:51Z" duration="0.000182" asserts="2" />
              <test-case id="1196" name="TestParser(&quot;cat =~ Urgent&quot;,&quot;&lt;cat re='1'&gt;Urgent&lt;/cat&gt;&quot;)" fullname="NUnit.Common.Tests.TestSelectionParserTests.TestParser(&quot;cat =~ Urgent&quot;,&quot;&lt;cat re='1'&gt;Urgent&lt;/cat&gt;&quot;)" methodname="TestParser" classname="NUnit.Common.Tests.TestSelectionParserTests" runstate="Runnable" seed="204911805" result="Passed" start-time="2017-05-23 07:30:51Z" end-time="2017-05-23 07:30:51Z" duration="0.000143" asserts="2" />
              <test-case id="1197" name="TestParser(&quot;cat !~ Urgent&quot;,&quot;&lt;not&gt;&lt;cat re='1'&gt;Urgent&lt;/cat&gt;&lt;/not&gt;&quot;)" fullname="NUnit.Common.Tests.TestSelectionParserTests.TestParser(&quot;cat !~ Urgent&quot;,&quot;&lt;not&gt;&lt;cat re='1'&gt;Urgent&lt;/cat&gt;&lt;/not&gt;&quot;)" methodname="TestParser" classname="NUnit.Common.Tests.TestSelectionParserTests" runstate="Runnable" seed="250912650" result="Passed" start-time="2017-05-23 07:30:51Z" end-time="2017-05-23 07:30:51Z" duration="0.000170" asserts="2" />
              <test-case id="1198" name="TestParser(&quot;cat = Urgent || cat = High&quot;,&quot;&lt;or&gt;&lt;cat&gt;Urgent&lt;/cat&gt;&lt;cat&gt;High&lt;/cat&gt;&lt;/or&gt;&quot;)" fullname="NUnit.Common.Tests.TestSelectionParserTests.TestParser(&quot;cat = Urgent || cat = High&quot;,&quot;&lt;or&gt;&lt;cat&gt;Urgent&lt;/cat&gt;&lt;cat&gt;High&lt;/cat&gt;&lt;/or&gt;&quot;)" methodname="TestParser" classname="NUnit.Common.Tests.TestSelectionParserTests" runstate="Runnable" seed="1246230004" result="Passed" start-time="2017-05-23 07:30:51Z" end-time="2017-05-23 07:30:51Z" duration="0.000162" asserts="2" />
              <test-case id="1199" name="TestParser(&quot;Priority == High&quot;,&quot;&lt;prop name='Priority'&gt;High&lt;/prop&gt;&quot;)" fullname="NUnit.Common.Tests.TestSelectionParserTests.TestParser(&quot;Priority == High&quot;,&quot;&lt;prop name='Priority'&gt;High&lt;/prop&gt;&quot;)" methodname="TestParser" classname="NUnit.Common.Tests.TestSelectionParserTests" runstate="Runnable" seed="1019109485" result="Passed" start-time="2017-05-23 07:30:51Z" end-time="2017-05-23 07:30:51Z" duration="0.000627" asserts="2" />
              <test-case id="1200" name="TestParser(&quot;Priority != Urgent&quot;,&quot;&lt;not&gt;&lt;prop name='Priority'&gt;Urgent&lt;/prop&gt;&lt;/not&gt;&quot;)" fullname="NUnit.Common.Tests.TestSelectionParserTests.TestParser(&quot;Priority != Urgent&quot;,&quot;&lt;not&gt;&lt;prop name='Priority'&gt;Urgent&lt;/prop&gt;&lt;/not&gt;&quot;)" methodname="TestParser" classname="NUnit.Common.Tests.TestSelectionParserTests" runstate="Runnable" seed="946893388" result="Passed" start-time="2017-05-23 07:30:51Z" end-time="2017-05-23 07:30:51Z" duration="0.000203" asserts="2" />
              <test-case id="1201" name="TestParser(&quot;Author =~ Jones&quot;,&quot;&lt;prop name='Author' re='1'&gt;Jones&lt;/prop&gt;&quot;)" fullname="NUnit.Common.Tests.TestSelectionParserTests.TestParser(&quot;Author =~ Jones&quot;,&quot;&lt;prop name='Author' re='1'&gt;Jones&lt;/prop&gt;&quot;)" methodname="TestParser" classname="NUnit.Common.Tests.TestSelectionParserTests" runstate="Runnable" seed="1692398239" result="Passed" start-time="2017-05-23 07:30:51Z" end-time="2017-05-23 07:30:51Z" duration="0.000170" asserts="2" />
              <test-case id="1202" name="TestParser(&quot;Author !~ Jones&quot;,&quot;&lt;not&gt;&lt;prop name='Author' re='1'&gt;Jones&lt;/prop&gt;&lt;/not&gt;&quot;)" fullname="NUnit.Common.Tests.TestSelectionParserTests.TestParser(&quot;Author !~ Jones&quot;,&quot;&lt;not&gt;&lt;prop name='Author' re='1'&gt;Jones&lt;/prop&gt;&lt;/not&gt;&quot;)" methodname="TestParser" classname="NUnit.Common.Tests.TestSelectionParserTests" runstate="Runnable" seed="469879861" result="Passed" start-time="2017-05-23 07:30:51Z" end-time="2017-05-23 07:30:51Z" duration="0.000217" asserts="2" />
              <test-case id="1203" name="TestParser(&quot;name='SomeTest'&quot;,&quot;&lt;name&gt;SomeTest&lt;/name&gt;&quot;)" fullname="NUnit.Common.Tests.TestSelectionParserTests.TestParser(&quot;name='SomeTest'&quot;,&quot;&lt;name&gt;SomeTest&lt;/name&gt;&quot;)" methodname="TestParser" classname="NUnit.Common.Tests.TestSelectionParserTests" runstate="Runnable" seed="1549043480" result="Passed" start-time="2017-05-23 07:30:51Z" end-time="2017-05-23 07:30:51Z" duration="0.000911" asserts="2" />
              <test-case id="1204" name="TestParser(&quot;method=TestMethod&quot;,&quot;&lt;method&gt;TestMethod&lt;/method&gt;&quot;)" fullname="NUnit.Common.Tests.TestSelectionParserTests.TestParser(&quot;method=TestMethod&quot;,&quot;&lt;method&gt;TestMethod&lt;/method&gt;&quot;)" methodname="TestParser" classname="NUnit.Common.Tests.TestSelectionParserTests" runstate="Runnable" seed="607725561" result="Passed" start-time="2017-05-23 07:30:51Z" end-time="2017-05-23 07:30:51Z" duration="0.000233" asserts="2" />
              <test-case id="1205" name="TestParser(&quot;method=Test1||method=Test2||method=Test3&quot;,&quot;&lt;or&gt;&lt;method&gt;Test1&lt;/method&gt;&lt;method&gt;Test2&lt;/method&gt;&lt;method&gt;Test3&lt;/method&gt;&lt;/or&gt;&quot;)" fullname="NUnit.Common.Tests.TestSelectionParserTests.TestParser(&quot;method=Test1||method=Test2||method=Test3&quot;,&quot;&lt;or&gt;&lt;method&gt;Test1&lt;/method&gt;&lt;method&gt;Test2&lt;/method&gt;&lt;method&gt;Test3&lt;/method&gt;&lt;/or&gt;&quot;)" methodname="TestParser" classname="NUnit.Common.Tests.TestSelectionParserTests" runstate="Runnable" seed="2006625560" result="Passed" start-time="2017-05-23 07:30:51Z" end-time="2017-05-23 07:30:51Z" duration="0.000202" asserts="2" />
              <test-case id="1206" name="TestParser(&quot;test='My.Test.Fixture.Method(42)'&quot;,&quot;&lt;test&gt;My.Test.Fixture.Method(42)&lt;/test&gt;&quot;)" fullname="NUnit.Common.Tests.TestSelectionParserTests.TestParser(&quot;test='My.Test.Fixture.Method(42)'&quot;,&quot;&lt;test&gt;My.Test.Fixture.Method(42)&lt;/test&gt;&quot;)" methodname="TestParser" classname="NUnit.Common.Tests.TestSelectionParserTests" runstate="Runnable" seed="616545971" result="Passed" start-time="2017-05-23 07:30:51Z" end-time="2017-05-23 07:30:51Z" duration="0.000212" asserts="2" />
              <test-case id="1207" name="TestParser(&quot;test='My.Test.Fixture.Method(\&quot;xyz\&quot;)'&quot;,&quot;&lt;test&gt;My.Test.Fixture.Method(&amp;quot;xyz&amp;quot;)&lt;/test&gt;&quot;)" fullname="NUnit.Common.Tests.TestSelectionParserTests.TestParser(&quot;test='My.Test.Fixture.Method(\&quot;xyz\&quot;)'&quot;,&quot;&lt;test&gt;My.Test.Fixture.Method(&amp;quot;xyz&amp;quot;)&lt;/test&gt;&quot;)" methodname="TestParser" classname="NUnit.Common.Tests.TestSelectionParserTests" runstate="Runnable" seed="985749309" result="Passed" start-time="2017-05-23 07:30:51Z" end-time="2017-05-23 07:30:51Z" duration="0.000201" asserts="2" />
              <test-case id="1208" name="TestParser(&quot;test='My.Test.Fixture.Method(\&quot;abc\\'s\&quot;)'&quot;,&quot;&lt;test&gt;My.Test.Fixture.Method(&amp;quot;abc&amp;apos;s&amp;quot;)&lt;/test&gt;&quot;)" fullname="NUnit.Common.Tests.TestSelectionParserTests.TestParser(&quot;test='My.Test.Fixture.Method(\&quot;abc\\'s\&quot;)'&quot;,&quot;&lt;test&gt;My.Test.Fixture.Method(&amp;quot;abc&amp;apos;s&amp;quot;)&lt;/test&gt;&quot;)" methodname="TestParser" classname="NUnit.Common.Tests.TestSelectionParserTests" runstate="Runnable" seed="913274954" result="Passed" start-time="2017-05-23 07:30:51Z" end-time="2017-05-23 07:30:51Z" duration="0.000229" asserts="2" />
              <test-case id="1209" name="TestParser(&quot;test='My.Test.Fixture.Method(\&quot;x&amp;y&amp;z\&quot;)'&quot;,&quot;&lt;test&gt;My.Test.Fixture.Method(&amp;quot;x&amp;amp;y&amp;amp;z&amp;quot;)&lt;/test&gt;&quot;)" fullname="NUnit.Common.Tests.TestSelectionParserTests.TestParser(&quot;test='My.Test.Fixture.Method(\&quot;x&amp;y&amp;z\&quot;)'&quot;,&quot;&lt;test&gt;My.Test.Fixture.Method(&amp;quot;x&amp;amp;y&amp;amp;z&amp;quot;)&lt;/test&gt;&quot;)" methodname="TestParser" classname="NUnit.Common.Tests.TestSelectionParserTests" runstate="Runnable" seed="1397640514" result="Passed" start-time="2017-05-23 07:30:51Z" end-time="2017-05-23 07:30:51Z" duration="0.000199" asserts="2" />
              <test-case id="1210" name="TestParser(&quot;test='My.Test.Fixture.Method(\&quot;&lt;xyz&gt;\&quot;)'&quot;,&quot;&lt;test&gt;My.Test.Fixture.Method(&amp;quot;&amp;lt;xyz&amp;gt;&amp;quot;)&lt;/test&gt;&quot;)" fullname="NUnit.Common.Tests.TestSelectionParserTests.TestParser(&quot;test='My.Test.Fixture.Method(\&quot;&lt;xyz&gt;\&quot;)'&quot;,&quot;&lt;test&gt;My.Test.Fixture.Method(&amp;quot;&amp;lt;xyz&amp;gt;&amp;quot;)&lt;/test&gt;&quot;)" methodname="TestParser" classname="NUnit.Common.Tests.TestSelectionParserTests" runstate="Runnable" seed="1023259793" result="Passed" start-time="2017-05-23 07:30:51Z" end-time="2017-05-23 07:30:51Z" duration="0.000185" asserts="2" />
              <test-case id="1211" name="TestParser(&quot;cat==Urgent &amp;&amp; test=='My.Tests'&quot;,&quot;&lt;and&gt;&lt;cat&gt;Urgent&lt;/cat&gt;&lt;test&gt;My.Tests&lt;/test&gt;&lt;/and&gt;&quot;)" fullname="NUnit.Common.Tests.TestSelectionParserTests.TestParser(&quot;cat==Urgent &amp;&amp; test=='My.Tests'&quot;,&quot;&lt;and&gt;&lt;cat&gt;Urgent&lt;/cat&gt;&lt;test&gt;My.Tests&lt;/test&gt;&lt;/and&gt;&quot;)" methodname="TestParser" classname="NUnit.Common.Tests.TestSelectionParserTests" runstate="Runnable" seed="614539254" result="Passed" start-time="2017-05-23 07:30:51Z" end-time="2017-05-23 07:30:51Z" duration="0.000191" asserts="2" />
              <test-case id="1212" name="TestParser(&quot;cat==Urgent and test=='My.Tests'&quot;,&quot;&lt;and&gt;&lt;cat&gt;Urgent&lt;/cat&gt;&lt;test&gt;My.Tests&lt;/test&gt;&lt;/and&gt;&quot;)" fullname="NUnit.Common.Tests.TestSelectionParserTests.TestParser(&quot;cat==Urgent and test=='My.Tests'&quot;,&quot;&lt;and&gt;&lt;cat&gt;Urgent&lt;/cat&gt;&lt;test&gt;My.Tests&lt;/test&gt;&lt;/and&gt;&quot;)" methodname="TestParser" classname="NUnit.Common.Tests.TestSelectionParserTests" runstate="Runnable" seed="1416888484" result="Passed" start-time="2017-05-23 07:30:51Z" end-time="2017-05-23 07:30:51Z" duration="0.000242" asserts="2" />
              <test-case id="1213" name="TestParser(&quot;cat==Urgent || test=='My.Tests'&quot;,&quot;&lt;or&gt;&lt;cat&gt;Urgent&lt;/cat&gt;&lt;test&gt;My.Tests&lt;/test&gt;&lt;/or&gt;&quot;)" fullname="NUnit.Common.Tests.TestSelectionParserTests.TestParser(&quot;cat==Urgent || test=='My.Tests'&quot;,&quot;&lt;or&gt;&lt;cat&gt;Urgent&lt;/cat&gt;&lt;test&gt;My.Tests&lt;/test&gt;&lt;/or&gt;&quot;)" methodname="TestParser" classname="NUnit.Common.Tests.TestSelectionParserTests" runstate="Runnable" seed="1211599073" result="Passed" start-time="2017-05-23 07:30:51Z" end-time="2017-05-23 07:30:51Z" duration="0.000195" asserts="2" />
              <test-case id="1214" name="TestParser(&quot;cat==Urgent or test=='My.Tests'&quot;,&quot;&lt;or&gt;&lt;cat&gt;Urgent&lt;/cat&gt;&lt;test&gt;My.Tests&lt;/test&gt;&lt;/or&gt;&quot;)" fullname="NUnit.Common.Tests.TestSelectionParserTests.TestParser(&quot;cat==Urgent or test=='My.Tests'&quot;,&quot;&lt;or&gt;&lt;cat&gt;Urgent&lt;/cat&gt;&lt;test&gt;My.Tests&lt;/test&gt;&lt;/or&gt;&quot;)" methodname="TestParser" classname="NUnit.Common.Tests.TestSelectionParserTests" runstate="Runnable" seed="1136526761" result="Passed" start-time="2017-05-23 07:30:51Z" end-time="2017-05-23 07:30:51Z" duration="0.000183" asserts="2" />
              <test-case id="1215" name="TestParser(&quot;cat==Urgent || test=='My.Tests' &amp;&amp; cat == high&quot;,&quot;&lt;or&gt;&lt;cat&gt;Urgent&lt;/cat&gt;&lt;and&gt;&lt;test&gt;My.Tests&lt;/test&gt;&lt;cat&gt;high&lt;/cat&gt;&lt;/and&gt;&lt;/or&gt;&quot;)" fullname="NUnit.Common.Tests.TestSelectionParserTests.TestParser(&quot;cat==Urgent || test=='My.Tests' &amp;&amp; cat == high&quot;,&quot;&lt;or&gt;&lt;cat&gt;Urgent&lt;/cat&gt;&lt;and&gt;&lt;test&gt;My.Tests&lt;/test&gt;&lt;cat&gt;high&lt;/cat&gt;&lt;/and&gt;&lt;/or&gt;&quot;)" methodname="TestParser" classname="NUnit.Common.Tests.TestSelectionParserTests" runstate="Runnable" seed="528400536" result="Passed" start-time="2017-05-23 07:30:51Z" end-time="2017-05-23 07:30:51Z" duration="0.000180" asserts="2" />
              <test-case id="1216" name="TestParser(&quot;cat==Urgent &amp;&amp; test=='My.Tests' || cat == high&quot;,&quot;&lt;or&gt;&lt;and&gt;&lt;cat&gt;Urgent&lt;/cat&gt;&lt;test&gt;My.Tests&lt;/test&gt;&lt;/and&gt;&lt;cat&gt;high&lt;/cat&gt;&lt;/or&gt;&quot;)" fullname="NUnit.Common.Tests.TestSelectionParserTests.TestParser(&quot;cat==Urgent &amp;&amp; test=='My.Tests' || cat == high&quot;,&quot;&lt;or&gt;&lt;and&gt;&lt;cat&gt;Urgent&lt;/cat&gt;&lt;test&gt;My.Tests&lt;/test&gt;&lt;/and&gt;&lt;cat&gt;high&lt;/cat&gt;&lt;/or&gt;&quot;)" methodname="TestParser" classname="NUnit.Common.Tests.TestSelectionParserTests" runstate="Runnable" seed="1411516317" result="Passed" start-time="2017-05-23 07:30:51Z" end-time="2017-05-23 07:30:51Z" duration="0.000216" asserts="2" />
              <test-case id="1217" name="TestParser(&quot;cat==Urgent &amp;&amp; (test=='My.Tests' || cat == high)&quot;,&quot;&lt;and&gt;&lt;cat&gt;Urgent&lt;/cat&gt;&lt;or&gt;&lt;test&gt;My.Tests&lt;/test&gt;&lt;cat&gt;high&lt;/cat&gt;&lt;/or&gt;&lt;/and&gt;&quot;)" fullname="NUnit.Common.Tests.TestSelectionParserTests.TestParser(&quot;cat==Urgent &amp;&amp; (test=='My.Tests' || cat == high)&quot;,&quot;&lt;and&gt;&lt;cat&gt;Urgent&lt;/cat&gt;&lt;or&gt;&lt;test&gt;My.Tests&lt;/test&gt;&lt;cat&gt;high&lt;/cat&gt;&lt;/or&gt;&lt;/and&gt;&quot;)" methodname="TestParser" classname="NUnit.Common.Tests.TestSelectionParserTests" runstate="Runnable" seed="859499453" result="Passed" start-time="2017-05-23 07:30:51Z" end-time="2017-05-23 07:30:51Z" duration="0.000642" asserts="2" />
              <test-case id="1218" name="TestParser(&quot;cat==Urgent &amp;&amp; !(test=='My.Tests' || cat == high)&quot;,&quot;&lt;and&gt;&lt;cat&gt;Urgent&lt;/cat&gt;&lt;not&gt;&lt;or&gt;&lt;test&gt;My.Tests&lt;/test&gt;&lt;cat&gt;high&lt;/cat&gt;&lt;/or&gt;&lt;/not&gt;&lt;/and&gt;&quot;)" fullname="NUnit.Common.Tests.TestSelectionParserTests.TestParser(&quot;cat==Urgent &amp;&amp; !(test=='My.Tests' || cat == high)&quot;,&quot;&lt;and&gt;&lt;cat&gt;Urgent&lt;/cat&gt;&lt;not&gt;&lt;or&gt;&lt;test&gt;My.Tests&lt;/test&gt;&lt;cat&gt;high&lt;/cat&gt;&lt;/or&gt;&lt;/not&gt;&lt;/and&gt;&quot;)" methodname="TestParser" classname="NUnit.Common.Tests.TestSelectionParserTests" runstate="Runnable" seed="570831446" result="Passed" start-time="2017-05-23 07:30:51Z" end-time="2017-05-23 07:30:51Z" duration="0.000220" asserts="2" />
            </test-suite>
            <test-suite type="ParameterizedMethod" id="1224" name="TestParser_InvalidInput" fullname="NUnit.Common.Tests.TestSelectionParserTests.TestParser_InvalidInput" classname="NUnit.Common.Tests.TestSelectionParserTests" runstate="Runnable" testcasecount="4" result="Passed" start-time="2017-05-23 07:30:51Z" end-time="2017-05-23 07:30:51Z" duration="0.023085" total="4" passed="4" failed="0" warnings="0" inconclusive="0" skipped="0" asserts="4">
              <test-case id="1220" name="TestParser_InvalidInput(null,System.ArgumentNullException)" fullname="NUnit.Common.Tests.TestSelectionParserTests.TestParser_InvalidInput(null,System.ArgumentNullException)" methodname="TestParser_InvalidInput" classname="NUnit.Common.Tests.TestSelectionParserTests" runstate="Runnable" seed="116743299" result="Passed" start-time="2017-05-23 07:30:51Z" end-time="2017-05-23 07:30:51Z" duration="0.001430" asserts="1" />
              <test-case id="1221" name="TestParser_InvalidInput(&quot;&quot;,NUnit.Common.TestSelectionParserException)" fullname="NUnit.Common.Tests.TestSelectionParserTests.TestParser_InvalidInput(&quot;&quot;,NUnit.Common.TestSelectionParserException)" methodname="TestParser_InvalidInput" classname="NUnit.Common.Tests.TestSelectionParserTests" runstate="Runnable" seed="389130041" result="Passed" start-time="2017-05-23 07:30:51Z" end-time="2017-05-23 07:30:51Z" duration="0.002325" asserts="1" />
              <test-case id="1222" name="TestParser_InvalidInput(&quot;   &quot;,NUnit.Common.TestSelectionParserException)" fullname="NUnit.Common.Tests.TestSelectionParserTests.TestParser_InvalidInput(&quot;   &quot;,NUnit.Common.TestSelectionParserException)" methodname="TestParser_InvalidInput" classname="NUnit.Common.Tests.TestSelectionParserTests" runstate="Runnable" seed="1217949737" result="Passed" start-time="2017-05-23 07:30:51Z" end-time="2017-05-23 07:30:51Z" duration="0.000391" asserts="1" />
              <test-case id="1223" name="TestParser_InvalidInput(&quot;  \t\t &quot;,NUnit.Common.TestSelectionParserException)" fullname="NUnit.Common.Tests.TestSelectionParserTests.TestParser_InvalidInput(&quot;  \t\t &quot;,NUnit.Common.TestSelectionParserException)" methodname="TestParser_InvalidInput" classname="NUnit.Common.Tests.TestSelectionParserTests" runstate="Runnable" seed="580443758" result="Passed" start-time="2017-05-23 07:30:51Z" end-time="2017-05-23 07:30:51Z" duration="0.000356" asserts="1" />
            </test-suite>
          </test-suite>
        </test-suite>
      </test-suite>
    </test-suite>
    <test-suite type="TestSuite" id="1242" name="NUnitLite" fullname="NUnitLite" runstate="Runnable" testcasecount="138" result="Failed" site="Child" start-time="2017-05-23 07:30:51Z" end-time="2017-05-23 07:30:52Z" duration="0.711904" total="138" passed="130" failed="7" warnings="0" inconclusive="0" skipped="1" asserts="386">
      <failure>
        <message><![CDATA[One or more child tests had errors]]></message>
      </failure>
      <test-suite type="TestSuite" id="1243" name="Tests" fullname="NUnitLite.Tests" runstate="Runnable" testcasecount="138" result="Failed" site="Child" start-time="2017-05-23 07:30:51Z" end-time="2017-05-23 07:30:52Z" duration="0.707888" total="138" passed="130" failed="7" warnings="0" inconclusive="0" skipped="1" asserts="386">
        <failure>
          <message><![CDATA[One or more child tests had errors]]></message>
        </failure>
        <test-suite type="TestFixture" id="1085" name="MakeRunSettingsTests" fullname="NUnitLite.Tests.MakeRunSettingsTests" classname="NUnitLite.Tests.MakeRunSettingsTests" runstate="Runnable" testcasecount="4" result="Passed" start-time="2017-05-23 07:30:51Z" end-time="2017-05-23 07:30:51Z" duration="0.024003" total="4" passed="4" failed="0" warnings="0" inconclusive="0" skipped="0" asserts="8">
          <test-case id="1088" name="WhenSeedIsSpecified_RunSettingsIncludeIt" fullname="NUnitLite.Tests.MakeRunSettingsTests.WhenSeedIsSpecified_RunSettingsIncludeIt" methodname="WhenSeedIsSpecified_RunSettingsIncludeIt" classname="NUnitLite.Tests.MakeRunSettingsTests" runstate="Runnable" seed="173788411" result="Passed" start-time="2017-05-23 07:30:51Z" end-time="2017-05-23 07:30:51Z" duration="0.001386" asserts="2" />
          <test-case id="1086" name="WhenTimeoutIsSpecified_RunSettingsIncludeIt" fullname="NUnitLite.Tests.MakeRunSettingsTests.WhenTimeoutIsSpecified_RunSettingsIncludeIt" methodname="WhenTimeoutIsSpecified_RunSettingsIncludeIt" classname="NUnitLite.Tests.MakeRunSettingsTests" runstate="Runnable" seed="1821625938" result="Passed" start-time="2017-05-23 07:30:51Z" end-time="2017-05-23 07:30:51Z" duration="0.001004" asserts="2" />
          <test-case id="1087" name="WhenWorkDirectoryIsSpecified_RunSettingsIncludeIt" fullname="NUnitLite.Tests.MakeRunSettingsTests.WhenWorkDirectoryIsSpecified_RunSettingsIncludeIt" methodname="WhenWorkDirectoryIsSpecified_RunSettingsIncludeIt" classname="NUnitLite.Tests.MakeRunSettingsTests" runstate="Runnable" seed="1386729418" result="Passed" start-time="2017-05-23 07:30:51Z" end-time="2017-05-23 07:30:51Z" duration="0.000933" asserts="2" />
          <test-case id="1089" name="WhenWorkersIsSpecified_RunSettingsIncludeIt" fullname="NUnitLite.Tests.MakeRunSettingsTests.WhenWorkersIsSpecified_RunSettingsIncludeIt" methodname="WhenWorkersIsSpecified_RunSettingsIncludeIt" classname="NUnitLite.Tests.MakeRunSettingsTests" runstate="Runnable" seed="114109100" result="Passed" start-time="2017-05-23 07:30:51Z" end-time="2017-05-23 07:30:51Z" duration="0.000894" asserts="2" />
        </test-suite>
        <test-suite type="TestFixture" id="1076" name="CreateTestFilterTests" fullname="NUnitLite.Tests.CreateTestFilterTests" classname="NUnitLite.Tests.CreateTestFilterTests" runstate="Runnable" testcasecount="8" result="Passed" start-time="2017-05-23 07:30:51Z" end-time="2017-05-23 07:30:51Z" duration="0.180507" total="8" passed="8" failed="0" warnings="0" inconclusive="0" skipped="0" asserts="48">
          <test-case id="1077" name="EmptyFilter" fullname="NUnitLite.Tests.CreateTestFilterTests.EmptyFilter" methodname="EmptyFilter" classname="NUnitLite.Tests.CreateTestFilterTests" runstate="Runnable" seed="1080449688" result="Passed" start-time="2017-05-23 07:30:51Z" end-time="2017-05-23 07:30:51Z" duration="0.000641" asserts="1" />
          <test-case id="1078" name="OneTestSelected" fullname="NUnitLite.Tests.CreateTestFilterTests.OneTestSelected" methodname="OneTestSelected" classname="NUnitLite.Tests.CreateTestFilterTests" runstate="Runnable" seed="1959645438" result="Passed" start-time="2017-05-23 07:30:51Z" end-time="2017-05-23 07:30:51Z" duration="0.003013" asserts="2" />
          <test-case id="1081" name="SixTestsFromTwoTestListFiles" fullname="NUnitLite.Tests.CreateTestFilterTests.SixTestsFromTwoTestListFiles" methodname="SixTestsFromTwoTestListFiles" classname="NUnitLite.Tests.CreateTestFilterTests" runstate="Runnable" seed="1993639590" result="Passed" start-time="2017-05-23 07:30:51Z" end-time="2017-05-23 07:30:51Z" duration="0.015833" asserts="14" />
          <test-case id="1082" name="TestListFileMissing" fullname="NUnitLite.Tests.CreateTestFilterTests.TestListFileMissing" methodname="TestListFileMissing" classname="NUnitLite.Tests.CreateTestFilterTests" runstate="Runnable" seed="773497068" result="Passed" start-time="2017-05-23 07:30:51Z" end-time="2017-05-23 07:30:51Z" duration="0.004534" asserts="3" />
          <test-case id="1080" name="ThreeTestsFromATestListFile" fullname="NUnitLite.Tests.CreateTestFilterTests.ThreeTestsFromATestListFile" methodname="ThreeTestsFromATestListFile" classname="NUnitLite.Tests.CreateTestFilterTests" runstate="Runnable" seed="460763496" result="Passed" start-time="2017-05-23 07:30:51Z" end-time="2017-05-23 07:30:51Z" duration="0.006667" asserts="8" />
          <test-case id="1079" name="ThreeTestsSelected" fullname="NUnitLite.Tests.CreateTestFilterTests.ThreeTestsSelected" methodname="ThreeTestsSelected" classname="NUnitLite.Tests.CreateTestFilterTests" runstate="Runnable" seed="2120126887" result="Passed" start-time="2017-05-23 07:30:51Z" end-time="2017-05-23 07:30:51Z" duration="0.088132" asserts="8" />
          <test-case id="1084" name="TwoTestsAndWhereClauseSpecified" fullname="NUnitLite.Tests.CreateTestFilterTests.TwoTestsAndWhereClauseSpecified" methodname="TwoTestsAndWhereClauseSpecified" classname="NUnitLite.Tests.CreateTestFilterTests" runstate="Runnable" seed="1233976129" result="Passed" start-time="2017-05-23 07:30:51Z" end-time="2017-05-23 07:30:51Z" duration="0.027366" asserts="10" />
          <test-case id="1083" name="WhereClauseSpecified" fullname="NUnitLite.Tests.CreateTestFilterTests.WhereClauseSpecified" methodname="WhereClauseSpecified" classname="NUnitLite.Tests.CreateTestFilterTests" runstate="Runnable" seed="542488030" result="Passed" start-time="2017-05-23 07:30:51Z" end-time="2017-05-23 07:30:51Z" duration="0.000756" asserts="2" />
        </test-suite>
        <test-suite type="TestFixture" id="1133" name="TeamCityEventListenerTests" fullname="NUnitLite.Tests.TeamCityEventListenerTests" classname="NUnitLite.Tests.TeamCityEventListenerTests" runstate="Runnable" testcasecount="7" result="Passed" start-time="2017-05-23 07:30:51Z" end-time="2017-05-23 07:30:51Z" duration="0.158448" total="7" passed="7" failed="0" warnings="0" inconclusive="0" skipped="0" asserts="7">
          <test-case id="1140" name="TestFinished_Failed" fullname="NUnitLite.Tests.TeamCityEventListenerTests.TestFinished_Failed" methodname="TestFinished_Failed" classname="NUnitLite.Tests.TeamCityEventListenerTests" runstate="Runnable" seed="2047525689" result="Passed" start-time="2017-05-23 07:30:51Z" end-time="2017-05-23 07:30:51Z" duration="0.027369" asserts="1" />
          <test-case id="1139" name="TestFinished_Ignored" fullname="NUnitLite.Tests.TeamCityEventListenerTests.TestFinished_Ignored" methodname="TestFinished_Ignored" classname="NUnitLite.Tests.TeamCityEventListenerTests" runstate="Runnable" seed="1885202142" result="Passed" start-time="2017-05-23 07:30:51Z" end-time="2017-05-23 07:30:51Z" duration="0.000811" asserts="1" />
          <test-case id="1138" name="TestFinished_Inconclusive" fullname="NUnitLite.Tests.TeamCityEventListenerTests.TestFinished_Inconclusive" methodname="TestFinished_Inconclusive" classname="NUnitLite.Tests.TeamCityEventListenerTests" runstate="Runnable" seed="1702598722" result="Passed" start-time="2017-05-23 07:30:51Z" end-time="2017-05-23 07:30:51Z" duration="0.000945" asserts="1" />
          <test-case id="1137" name="TestFinished_Passed" fullname="NUnitLite.Tests.TeamCityEventListenerTests.TestFinished_Passed" methodname="TestFinished_Passed" classname="NUnitLite.Tests.TeamCityEventListenerTests" runstate="Runnable" seed="778489409" result="Passed" start-time="2017-05-23 07:30:51Z" end-time="2017-05-23 07:30:51Z" duration="0.004641" asserts="1" />
          <test-case id="1136" name="TestStarted" fullname="NUnitLite.Tests.TeamCityEventListenerTests.TestStarted" methodname="TestStarted" classname="NUnitLite.Tests.TeamCityEventListenerTests" runstate="Runnable" seed="1236980977" result="Passed" start-time="2017-05-23 07:30:51Z" end-time="2017-05-23 07:30:51Z" duration="0.001048" asserts="1" />
          <test-case id="1135" name="TestSuiteFinished" fullname="NUnitLite.Tests.TeamCityEventListenerTests.TestSuiteFinished" methodname="TestSuiteFinished" classname="NUnitLite.Tests.TeamCityEventListenerTests" runstate="Runnable" seed="579033870" result="Passed" start-time="2017-05-23 07:30:51Z" end-time="2017-05-23 07:30:51Z" duration="0.003785" asserts="1" />
          <test-case id="1134" name="TestSuiteStarted" fullname="NUnitLite.Tests.TeamCityEventListenerTests.TestSuiteStarted" methodname="TestSuiteStarted" classname="NUnitLite.Tests.TeamCityEventListenerTests" runstate="Runnable" seed="1843619131" result="Passed" start-time="2017-05-23 07:30:51Z" end-time="2017-05-23 07:30:51Z" duration="0.000648" asserts="1" />
        </test-suite>
        <test-suite type="TestFixture" id="1141" name="TextUITests" fullname="NUnitLite.Tests.TextUITests" classname="NUnitLite.Tests.TextUITests" runstate="Runnable" testcasecount="13" result="Skipped" label="Ignored" start-time="2017-05-23 07:30:51Z" end-time="2017-05-23 07:30:52Z" duration="0.106326" total="13" passed="12" failed="0" warnings="0" inconclusive="0" skipped="1" asserts="28">
          <reason>
            <message><![CDATA[One or more child tests were ignored]]></message>
          </reason>
          <test-case id="1143" name="DisplayError" fullname="NUnitLite.Tests.TextUITests.DisplayError" methodname="DisplayError" classname="NUnitLite.Tests.TextUITests" runstate="Runnable" seed="1363877421" result="Passed" start-time="2017-05-23 07:30:51Z" end-time="2017-05-23 07:30:51Z" duration="0.002075" asserts="1" />
          <test-case id="1144" name="DisplayErrors" fullname="NUnitLite.Tests.TextUITests.DisplayErrors" methodname="DisplayErrors" classname="NUnitLite.Tests.TextUITests" runstate="Runnable" seed="430401553" result="Passed" start-time="2017-05-23 07:30:51Z" end-time="2017-05-23 07:30:51Z" duration="0.001114" asserts="1" />
          <test-case id="1145" name="DisplayHeader" fullname="NUnitLite.Tests.TextUITests.DisplayHeader" methodname="DisplayHeader" classname="NUnitLite.Tests.TextUITests" runstate="Runnable" seed="1763866051" result="Passed" start-time="2017-05-23 07:30:51Z" end-time="2017-05-23 07:30:52Z" duration="0.002726" asserts="4" />
          <test-case id="1150" name="DisplayHelp" fullname="NUnitLite.Tests.TextUITests.DisplayHelp" methodname="DisplayHelp" classname="NUnitLite.Tests.TextUITests" runstate="Runnable" seed="1311668161" result="Passed" start-time="2017-05-23 07:30:52Z" end-time="2017-05-23 07:30:52Z" duration="0.010554" asserts="1" />
          <test-case id="1147" name="DisplayRuntimeEnvironment" fullname="NUnitLite.Tests.TextUITests.DisplayRuntimeEnvironment" methodname="DisplayRuntimeEnvironment" classname="NUnitLite.Tests.TextUITests" runstate="Runnable" seed="260519623" result="Passed" start-time="2017-05-23 07:30:52Z" end-time="2017-05-23 07:30:52Z" duration="0.004214" asserts="4" />
          <test-case id="1146" name="DisplayTestFiles" fullname="NUnitLite.Tests.TextUITests.DisplayTestFiles" methodname="DisplayTestFiles" classname="NUnitLite.Tests.TextUITests" runstate="Runnable" seed="1590358666" result="Passed" start-time="2017-05-23 07:30:52Z" end-time="2017-05-23 07:30:52Z" duration="0.000738" asserts="1" />
          <test-case id="1142" name="DisplayWarning" fullname="NUnitLite.Tests.TextUITests.DisplayWarning" methodname="DisplayWarning" classname="NUnitLite.Tests.TextUITests" runstate="Runnable" seed="1404463463" result="Passed" start-time="2017-05-23 07:30:52Z" end-time="2017-05-23 07:30:52Z" duration="0.000566" asserts="1" />
          <test-case id="1154" name="ErrorsAndFailuresReportTest" fullname="NUnitLite.Tests.TextUITests.ErrorsAndFailuresReportTest" methodname="ErrorsAndFailuresReportTest" classname="NUnitLite.Tests.TextUITests" runstate="Runnable" seed="1938048102" result="Passed" start-time="2017-05-23 07:30:52Z" end-time="2017-05-23 07:30:52Z" duration="0.005263" asserts="11" />
          <test-case id="1151" name="ReportSequenceTest" fullname="NUnitLite.Tests.TextUITests.ReportSequenceTest" methodname="ReportSequenceTest" classname="NUnitLite.Tests.TextUITests" runstate="Ignored" seed="1913843988" result="Skipped" label="Ignored" start-time="2017-05-23 07:30:52Z" end-time="2017-05-23 07:30:52Z" duration="0.000011" asserts="0">
            <properties>
              <property name="_SKIPREASON" value="Test needs modification" />
            </properties>
            <reason>
              <message><![CDATA[Test needs modification]]></message>
            </reason>
          </test-case>
          <test-case id="1153" name="SummaryReportTest" fullname="NUnitLite.Tests.TextUITests.SummaryReportTest" methodname="SummaryReportTest" classname="NUnitLite.Tests.TextUITests" runstate="Runnable" seed="1172888248" result="Passed" start-time="2017-05-23 07:30:52Z" end-time="2017-05-23 07:30:52Z" duration="0.003320" asserts="1" />
          <test-case id="1148" name="TestFinished_NoOutput" fullname="NUnitLite.Tests.TextUITests.TestFinished_NoOutput" methodname="TestFinished_NoOutput" classname="NUnitLite.Tests.TextUITests" runstate="Runnable" seed="1999191649" result="Passed" start-time="2017-05-23 07:30:52Z" end-time="2017-05-23 07:30:52Z" duration="0.000795" asserts="1" />
          <test-case id="1149" name="TestFinished_WithOutput" fullname="NUnitLite.Tests.TextUITests.TestFinished_WithOutput" methodname="TestFinished_WithOutput" classname="NUnitLite.Tests.TextUITests" runstate="Runnable" seed="404980621" result="Passed" start-time="2017-05-23 07:30:52Z" end-time="2017-05-23 07:30:52Z" duration="0.001120" asserts="1" />
          <test-case id="1152" name="TestsNotRunTest" fullname="NUnitLite.Tests.TextUITests.TestsNotRunTest" methodname="TestsNotRunTest" classname="NUnitLite.Tests.TextUITests" runstate="Runnable" seed="393409793" result="Passed" start-time="2017-05-23 07:30:52Z" end-time="2017-05-23 07:30:52Z" duration="0.001839" asserts="1" />
        </test-suite>
        <test-suite type="TestFixture" id="1090" name="NUnit2XmlOutputWriterTests" fullname="NUnitLite.Tests.NUnit2XmlOutputWriterTests" classname="NUnitLite.Tests.NUnit2XmlOutputWriterTests" runstate="Runnable" testcasecount="38" result="Passed" start-time="2017-05-23 07:30:51Z" end-time="2017-05-23 07:30:52Z" duration="0.348972" total="38" passed="38" failed="0" warnings="0" inconclusive="0" skipped="0" asserts="60">
          <test-case id="1118" name="CultureInfo_HasCultureInfoElement" fullname="NUnitLite.Tests.NUnit2XmlOutputWriterTests.CultureInfo_HasCultureInfoElement" methodname="CultureInfo_HasCultureInfoElement" classname="NUnitLite.Tests.NUnit2XmlOutputWriterTests" runstate="Runnable" seed="2128759297" result="Passed" start-time="2017-05-23 07:30:51Z" end-time="2017-05-23 07:30:51Z" duration="0.000962" asserts="1" />
          <test-suite type="ParameterizedMethod" id="1121" name="CultureInfo_HasRequiredAttribute" fullname="NUnitLite.Tests.NUnit2XmlOutputWriterTests.CultureInfo_HasRequiredAttribute" classname="NUnitLite.Tests.NUnit2XmlOutputWriterTests" runstate="Runnable" testcasecount="2" result="Passed" start-time="2017-05-23 07:30:52Z" end-time="2017-05-23 07:30:52Z" duration="0.009049" total="2" passed="2" failed="0" warnings="0" inconclusive="0" skipped="0" asserts="4">
            <test-case id="1119" name="CultureInfo_HasRequiredAttribute(&quot;current-culture&quot;)" fullname="NUnitLite.Tests.NUnit2XmlOutputWriterTests.CultureInfo_HasRequiredAttribute(&quot;current-culture&quot;)" methodname="CultureInfo_HasRequiredAttribute" classname="NUnitLite.Tests.NUnit2XmlOutputWriterTests" runstate="Runnable" seed="1573882720" result="Passed" start-time="2017-05-23 07:30:52Z" end-time="2017-05-23 07:30:52Z" duration="0.001438" asserts="2" />
            <test-case id="1120" name="CultureInfo_HasRequiredAttribute(&quot;current-uiculture&quot;)" fullname="NUnitLite.Tests.NUnit2XmlOutputWriterTests.CultureInfo_HasRequiredAttribute(&quot;current-uiculture&quot;)" methodname="CultureInfo_HasRequiredAttribute" classname="NUnitLite.Tests.NUnit2XmlOutputWriterTests" runstate="Runnable" seed="560171139" result="Passed" start-time="2017-05-23 07:30:52Z" end-time="2017-05-23 07:30:52Z" duration="0.000092" asserts="2" />
          </test-suite>
          <test-case id="1092" name="Document_FirstChildIsXmlDeclaration" fullname="NUnitLite.Tests.NUnit2XmlOutputWriterTests.Document_FirstChildIsXmlDeclaration" methodname="Document_FirstChildIsXmlDeclaration" classname="NUnitLite.Tests.NUnit2XmlOutputWriterTests" runstate="Runnable" seed="1843016704" result="Passed" start-time="2017-05-23 07:30:52Z" end-time="2017-05-23 07:30:52Z" duration="0.002907" asserts="2" />
          <test-case id="1095" name="Document_HasTestResults" fullname="NUnitLite.Tests.NUnit2XmlOutputWriterTests.Document_HasTestResults" methodname="Document_HasTestResults" classname="NUnitLite.Tests.NUnit2XmlOutputWriterTests" runstate="Runnable" seed="1433874715" result="Passed" start-time="2017-05-23 07:30:52Z" end-time="2017-05-23 07:30:52Z" duration="0.000599" asserts="2" />
          <test-case id="1091" name="Document_HasThreeChildren" fullname="NUnitLite.Tests.NUnit2XmlOutputWriterTests.Document_HasThreeChildren" methodname="Document_HasThreeChildren" classname="NUnitLite.Tests.NUnit2XmlOutputWriterTests" runstate="Runnable" seed="2143467727" result="Passed" start-time="2017-05-23 07:30:52Z" end-time="2017-05-23 07:30:52Z" duration="0.000864" asserts="1" />
          <test-case id="1093" name="Document_SecondChildIsComment" fullname="NUnitLite.Tests.NUnit2XmlOutputWriterTests.Document_SecondChildIsComment" methodname="Document_SecondChildIsComment" classname="NUnitLite.Tests.NUnit2XmlOutputWriterTests" runstate="Runnable" seed="2128216349" result="Passed" start-time="2017-05-23 07:30:52Z" end-time="2017-05-23 07:30:52Z" duration="0.000583" asserts="1" />
          <test-case id="1094" name="Document_ThirdChildIsTestResults" fullname="NUnitLite.Tests.NUnit2XmlOutputWriterTests.Document_ThirdChildIsTestResults" methodname="Document_ThirdChildIsTestResults" classname="NUnitLite.Tests.NUnit2XmlOutputWriterTests" runstate="Runnable" seed="422697943" result="Passed" start-time="2017-05-23 07:30:52Z" end-time="2017-05-23 07:30:52Z" duration="0.000534" asserts="1" />
          <test-case id="1108" name="Environment_HasEnvironmentElement" fullname="NUnitLite.Tests.NUnit2XmlOutputWriterTests.Environment_HasEnvironmentElement" methodname="Environment_HasEnvironmentElement" classname="NUnitLite.Tests.NUnit2XmlOutputWriterTests" runstate="Runnable" seed="2004266707" result="Passed" start-time="2017-05-23 07:30:52Z" end-time="2017-05-23 07:30:52Z" duration="0.000467" asserts="1" />
          <test-suite type="ParameterizedMethod" id="1117" name="Environment_HasRequiredAttribute" fullname="NUnitLite.Tests.NUnit2XmlOutputWriterTests.Environment_HasRequiredAttribute" classname="NUnitLite.Tests.NUnit2XmlOutputWriterTests" runstate="Runnable" testcasecount="8" result="Passed" start-time="2017-05-23 07:30:52Z" end-time="2017-05-23 07:30:52Z" duration="0.032098" total="8" passed="8" failed="0" warnings="0" inconclusive="0" skipped="0" asserts="8">
            <test-case id="1109" name="Environment_HasRequiredAttribute(&quot;nunit-version&quot;)" fullname="NUnitLite.Tests.NUnit2XmlOutputWriterTests.Environment_HasRequiredAttribute(&quot;nunit-version&quot;)" methodname="Environment_HasRequiredAttribute" classname="NUnitLite.Tests.NUnit2XmlOutputWriterTests" runstate="Runnable" seed="190880866" result="Passed" start-time="2017-05-23 07:30:52Z" end-time="2017-05-23 07:30:52Z" duration="0.000293" asserts="1" />
            <test-case id="1110" name="Environment_HasRequiredAttribute(&quot;clr-version&quot;)" fullname="NUnitLite.Tests.NUnit2XmlOutputWriterTests.Environment_HasRequiredAttribute(&quot;clr-version&quot;)" methodname="Environment_HasRequiredAttribute" classname="NUnitLite.Tests.NUnit2XmlOutputWriterTests" runstate="Runnable" seed="353286242" result="Passed" start-time="2017-05-23 07:30:52Z" end-time="2017-05-23 07:30:52Z" duration="0.000150" asserts="1" />
            <test-case id="1111" name="Environment_HasRequiredAttribute(&quot;os-version&quot;)" fullname="NUnitLite.Tests.NUnit2XmlOutputWriterTests.Environment_HasRequiredAttribute(&quot;os-version&quot;)" methodname="Environment_HasRequiredAttribute" classname="NUnitLite.Tests.NUnit2XmlOutputWriterTests" runstate="Runnable" seed="1029410122" result="Passed" start-time="2017-05-23 07:30:52Z" end-time="2017-05-23 07:30:52Z" duration="0.000093" asserts="1" />
            <test-case id="1112" name="Environment_HasRequiredAttribute(&quot;platform&quot;)" fullname="NUnitLite.Tests.NUnit2XmlOutputWriterTests.Environment_HasRequiredAttribute(&quot;platform&quot;)" methodname="Environment_HasRequiredAttribute" classname="NUnitLite.Tests.NUnit2XmlOutputWriterTests" runstate="Runnable" seed="1234043793" result="Passed" start-time="2017-05-23 07:30:52Z" end-time="2017-05-23 07:30:52Z" duration="0.000080" asserts="1" />
            <test-case id="1113" name="Environment_HasRequiredAttribute(&quot;cwd&quot;)" fullname="NUnitLite.Tests.NUnit2XmlOutputWriterTests.Environment_HasRequiredAttribute(&quot;cwd&quot;)" methodname="Environment_HasRequiredAttribute" classname="NUnitLite.Tests.NUnit2XmlOutputWriterTests" runstate="Runnable" seed="254238774" result="Passed" start-time="2017-05-23 07:30:52Z" end-time="2017-05-23 07:30:52Z" duration="0.000118" asserts="1" />
            <test-case id="1114" name="Environment_HasRequiredAttribute(&quot;machine-name&quot;)" fullname="NUnitLite.Tests.NUnit2XmlOutputWriterTests.Environment_HasRequiredAttribute(&quot;machine-name&quot;)" methodname="Environment_HasRequiredAttribute" classname="NUnitLite.Tests.NUnit2XmlOutputWriterTests" runstate="Runnable" seed="281139216" result="Passed" start-time="2017-05-23 07:30:52Z" end-time="2017-05-23 07:30:52Z" duration="0.000089" asserts="1" />
            <test-case id="1115" name="Environment_HasRequiredAttribute(&quot;user&quot;)" fullname="NUnitLite.Tests.NUnit2XmlOutputWriterTests.Environment_HasRequiredAttribute(&quot;user&quot;)" methodname="Environment_HasRequiredAttribute" classname="NUnitLite.Tests.NUnit2XmlOutputWriterTests" runstate="Runnable" seed="1660327348" result="Passed" start-time="2017-05-23 07:30:52Z" end-time="2017-05-23 07:30:52Z" duration="0.000096" asserts="1" />
            <test-case id="1116" name="Environment_HasRequiredAttribute(&quot;user-domain&quot;)" fullname="NUnitLite.Tests.NUnit2XmlOutputWriterTests.Environment_HasRequiredAttribute(&quot;user-domain&quot;)" methodname="Environment_HasRequiredAttribute" classname="NUnitLite.Tests.NUnit2XmlOutputWriterTests" runstate="Runnable" seed="1351404933" result="Passed" start-time="2017-05-23 07:30:52Z" end-time="2017-05-23 07:30:52Z" duration="0.000107" asserts="1" />
          </test-suite>
          <test-case id="1096" name="TestResults_AssemblyPathIsCorrect" fullname="NUnitLite.Tests.NUnit2XmlOutputWriterTests.TestResults_AssemblyPathIsCorrect" methodname="TestResults_AssemblyPathIsCorrect" classname="NUnitLite.Tests.NUnit2XmlOutputWriterTests" runstate="Runnable" seed="581078894" result="Passed" start-time="2017-05-23 07:30:52Z" end-time="2017-05-23 07:30:52Z" duration="0.000509" asserts="2" />
          <test-suite type="ParameterizedMethod" id="1105" name="TestResults_CounterIsCorrect" fullname="NUnitLite.Tests.NUnit2XmlOutputWriterTests.TestResults_CounterIsCorrect" classname="NUnitLite.Tests.NUnit2XmlOutputWriterTests" runstate="Runnable" testcasecount="8" result="Passed" start-time="2017-05-23 07:30:52Z" end-time="2017-05-23 07:30:52Z" duration="0.036116" total="8" passed="8" failed="0" warnings="0" inconclusive="0" skipped="0" asserts="16">
            <test-case id="1097" name="TestResults_CounterIsCorrect(&quot;total&quot;,10)" fullname="NUnitLite.Tests.NUnit2XmlOutputWriterTests.TestResults_CounterIsCorrect(&quot;total&quot;,10)" methodname="TestResults_CounterIsCorrect" classname="NUnitLite.Tests.NUnit2XmlOutputWriterTests" runstate="Runnable" seed="400886165" result="Passed" start-time="2017-05-23 07:30:52Z" end-time="2017-05-23 07:30:52Z" duration="0.000511" asserts="2" />
            <test-case id="1098" name="TestResults_CounterIsCorrect(&quot;errors&quot;,1)" fullname="NUnitLite.Tests.NUnit2XmlOutputWriterTests.TestResults_CounterIsCorrect(&quot;errors&quot;,1)" methodname="TestResults_CounterIsCorrect" classname="NUnitLite.Tests.NUnit2XmlOutputWriterTests" runstate="Runnable" seed="694957464" result="Passed" start-time="2017-05-23 07:30:52Z" end-time="2017-05-23 07:30:52Z" duration="0.000111" asserts="2" />
            <test-case id="1099" name="TestResults_CounterIsCorrect(&quot;failures&quot;,1)" fullname="NUnitLite.Tests.NUnit2XmlOutputWriterTests.TestResults_CounterIsCorrect(&quot;failures&quot;,1)" methodname="TestResults_CounterIsCorrect" classname="NUnitLite.Tests.NUnit2XmlOutputWriterTests" runstate="Runnable" seed="1313433707" result="Passed" start-time="2017-05-23 07:30:52Z" end-time="2017-05-23 07:30:52Z" duration="0.000114" asserts="2" />
            <test-case id="1100" name="TestResults_CounterIsCorrect(&quot;inconclusive&quot;,1)" fullname="NUnitLite.Tests.NUnit2XmlOutputWriterTests.TestResults_CounterIsCorrect(&quot;inconclusive&quot;,1)" methodname="TestResults_CounterIsCorrect" classname="NUnitLite.Tests.NUnit2XmlOutputWriterTests" runstate="Runnable" seed="1500002809" result="Passed" start-time="2017-05-23 07:30:52Z" end-time="2017-05-23 07:30:52Z" duration="0.000109" asserts="2" />
            <test-case id="1101" name="TestResults_CounterIsCorrect(&quot;not-run&quot;,3)" fullname="NUnitLite.Tests.NUnit2XmlOutputWriterTests.TestResults_CounterIsCorrect(&quot;not-run&quot;,3)" methodname="TestResults_CounterIsCorrect" classname="NUnitLite.Tests.NUnit2XmlOutputWriterTests" runstate="Runnable" seed="327919247" result="Passed" start-time="2017-05-23 07:30:52Z" end-time="2017-05-23 07:30:52Z" duration="0.000102" asserts="2" />
            <test-case id="1102" name="TestResults_CounterIsCorrect(&quot;ignored&quot;,1)" fullname="NUnitLite.Tests.NUnit2XmlOutputWriterTests.TestResults_CounterIsCorrect(&quot;ignored&quot;,1)" methodname="TestResults_CounterIsCorrect" classname="NUnitLite.Tests.NUnit2XmlOutputWriterTests" runstate="Runnable" seed="1950820212" result="Passed" start-time="2017-05-23 07:30:52Z" end-time="2017-05-23 07:30:52Z" duration="0.000109" asserts="2" />
            <test-case id="1103" name="TestResults_CounterIsCorrect(&quot;skipped&quot;,0)" fullname="NUnitLite.Tests.NUnit2XmlOutputWriterTests.TestResults_CounterIsCorrect(&quot;skipped&quot;,0)" methodname="TestResults_CounterIsCorrect" classname="NUnitLite.Tests.NUnit2XmlOutputWriterTests" runstate="Runnable" seed="679765672" result="Passed" start-time="2017-05-23 07:30:52Z" end-time="2017-05-23 07:30:52Z" duration="0.000115" asserts="2" />
            <test-case id="1104" name="TestResults_CounterIsCorrect(&quot;invalid&quot;,2)" fullname="NUnitLite.Tests.NUnit2XmlOutputWriterTests.TestResults_CounterIsCorrect(&quot;invalid&quot;,2)" methodname="TestResults_CounterIsCorrect" classname="NUnitLite.Tests.NUnit2XmlOutputWriterTests" runstate="Runnable" seed="2107144491" result="Passed" start-time="2017-05-23 07:30:52Z" end-time="2017-05-23 07:30:52Z" duration="0.000123" asserts="2" />
          </test-suite>
          <test-case id="1106" name="TestResults_HasValidDateAttribute" fullname="NUnitLite.Tests.NUnit2XmlOutputWriterTests.TestResults_HasValidDateAttribute" methodname="TestResults_HasValidDateAttribute" classname="NUnitLite.Tests.NUnit2XmlOutputWriterTests" runstate="Runnable" seed="1954613843" result="Passed" start-time="2017-05-23 07:30:52Z" end-time="2017-05-23 07:30:52Z" duration="0.001363" asserts="2" />
          <test-case id="1107" name="TestResults_HasValidTimeAttribute" fullname="NUnitLite.Tests.NUnit2XmlOutputWriterTests.TestResults_HasValidTimeAttribute" methodname="TestResults_HasValidTimeAttribute" classname="NUnitLite.Tests.NUnit2XmlOutputWriterTests" runstate="Runnable" seed="1052777541" result="Passed" start-time="2017-05-23 07:30:52Z" end-time="2017-05-23 07:30:52Z" duration="0.001023" asserts="2" />
          <test-suite type="ParameterizedMethod" id="1130" name="TestSuite_ExpectedAttribute" fullname="NUnitLite.Tests.NUnit2XmlOutputWriterTests.TestSuite_ExpectedAttribute" classname="NUnitLite.Tests.NUnit2XmlOutputWriterTests" runstate="Runnable" testcasecount="7" result="Passed" start-time="2017-05-23 07:30:52Z" end-time="2017-05-23 07:30:52Z" duration="0.028091" total="7" passed="7" failed="0" warnings="0" inconclusive="0" skipped="0" asserts="14">
            <test-case id="1123" name="TestSuite_ExpectedAttribute(&quot;type&quot;,&quot;TestFixture&quot;)" fullname="NUnitLite.Tests.NUnit2XmlOutputWriterTests.TestSuite_ExpectedAttribute(&quot;type&quot;,&quot;TestFixture&quot;)" methodname="TestSuite_ExpectedAttribute" classname="NUnitLite.Tests.NUnit2XmlOutputWriterTests" runstate="Runnable" seed="533291648" result="Passed" start-time="2017-05-23 07:30:52Z" end-time="2017-05-23 07:30:52Z" duration="0.000450" asserts="2" />
            <test-case id="1124" name="TestSuite_ExpectedAttribute(&quot;name&quot;,&quot;MockTestFixture&quot;)" fullname="NUnitLite.Tests.NUnit2XmlOutputWriterTests.TestSuite_ExpectedAttribute(&quot;name&quot;,&quot;MockTestFixture&quot;)" methodname="TestSuite_ExpectedAttribute" classname="NUnitLite.Tests.NUnit2XmlOutputWriterTests" runstate="Runnable" seed="2034939228" result="Passed" start-time="2017-05-23 07:30:52Z" end-time="2017-05-23 07:30:52Z" duration="0.000092" asserts="2" />
            <test-case id="1125" name="TestSuite_ExpectedAttribute(&quot;description&quot;,&quot;Fake Test Fixture&quot;)" fullname="NUnitLite.Tests.NUnit2XmlOutputWriterTests.TestSuite_ExpectedAttribute(&quot;description&quot;,&quot;Fake Test Fixture&quot;)" methodname="TestSuite_ExpectedAttribute" classname="NUnitLite.Tests.NUnit2XmlOutputWriterTests" runstate="Runnable" seed="27679646" result="Passed" start-time="2017-05-23 07:30:52Z" end-time="2017-05-23 07:30:52Z" duration="0.000103" asserts="2" />
            <test-case id="1126" name="TestSuite_ExpectedAttribute(&quot;executed&quot;,&quot;True&quot;)" fullname="NUnitLite.Tests.NUnit2XmlOutputWriterTests.TestSuite_ExpectedAttribute(&quot;executed&quot;,&quot;True&quot;)" methodname="TestSuite_ExpectedAttribute" classname="NUnitLite.Tests.NUnit2XmlOutputWriterTests" runstate="Runnable" seed="2017711095" result="Passed" start-time="2017-05-23 07:30:52Z" end-time="2017-05-23 07:30:52Z" duration="0.000102" asserts="2" />
            <test-case id="1127" name="TestSuite_ExpectedAttribute(&quot;result&quot;,&quot;Failure&quot;)" fullname="NUnitLite.Tests.NUnit2XmlOutputWriterTests.TestSuite_ExpectedAttribute(&quot;result&quot;,&quot;Failure&quot;)" methodname="TestSuite_ExpectedAttribute" classname="NUnitLite.Tests.NUnit2XmlOutputWriterTests" runstate="Runnable" seed="1960953499" result="Passed" start-time="2017-05-23 07:30:52Z" end-time="2017-05-23 07:30:52Z" duration="0.000094" asserts="2" />
            <test-case id="1128" name="TestSuite_ExpectedAttribute(&quot;success&quot;,&quot;False&quot;)" fullname="NUnitLite.Tests.NUnit2XmlOutputWriterTests.TestSuite_ExpectedAttribute(&quot;success&quot;,&quot;False&quot;)" methodname="TestSuite_ExpectedAttribute" classname="NUnitLite.Tests.NUnit2XmlOutputWriterTests" runstate="Runnable" seed="844400700" result="Passed" start-time="2017-05-23 07:30:52Z" end-time="2017-05-23 07:30:52Z" duration="0.000097" asserts="2" />
            <test-case id="1129" name="TestSuite_ExpectedAttribute(&quot;asserts&quot;,&quot;0&quot;)" fullname="NUnitLite.Tests.NUnit2XmlOutputWriterTests.TestSuite_ExpectedAttribute(&quot;asserts&quot;,&quot;0&quot;)" methodname="TestSuite_ExpectedAttribute" classname="NUnitLite.Tests.NUnit2XmlOutputWriterTests" runstate="Runnable" seed="1940692720" result="Passed" start-time="2017-05-23 07:30:52Z" end-time="2017-05-23 07:30:52Z" duration="0.000097" asserts="2" />
          </test-suite>
          <test-case id="1122" name="TestSuite_HasTestSuiteElement" fullname="NUnitLite.Tests.NUnit2XmlOutputWriterTests.TestSuite_HasTestSuiteElement" methodname="TestSuite_HasTestSuiteElement" classname="NUnitLite.Tests.NUnit2XmlOutputWriterTests" runstate="Runnable" seed="1669339783" result="Passed" start-time="2017-05-23 07:30:52Z" end-time="2017-05-23 07:30:52Z" duration="0.000387" asserts="1" />
          <test-case id="1131" name="TestSuite_HasValidTimeAttribute" fullname="NUnitLite.Tests.NUnit2XmlOutputWriterTests.TestSuite_HasValidTimeAttribute" methodname="TestSuite_HasValidTimeAttribute" classname="NUnitLite.Tests.NUnit2XmlOutputWriterTests" runstate="Runnable" seed="347737990" result="Passed" start-time="2017-05-23 07:30:52Z" end-time="2017-05-23 07:30:52Z" duration="0.000570" asserts="2" />
          <test-case id="1132" name="TestSuite_ResultIsFailure" fullname="NUnitLite.Tests.NUnit2XmlOutputWriterTests.TestSuite_ResultIsFailure" methodname="TestSuite_ResultIsFailure" classname="NUnitLite.Tests.NUnit2XmlOutputWriterTests" runstate="Runnable" seed="146471882" result="Passed" start-time="2017-05-23 07:30:52Z" end-time="2017-05-23 07:30:52Z" duration="0.000171" asserts="0" />
        </test-suite>
        <test-suite type="TestFixture" id="1000" name="CommandLineTests" fullname="NUnitLite.Tests.CommandLineTests" classname="NUnitLite.Tests.CommandLineTests" runstate="Runnable" testcasecount="68" result="Failed" site="Child" start-time="2017-05-23 07:30:51Z" end-time="2017-05-23 07:30:52Z" duration="0.541450" total="68" passed="61" failed="7" warnings="0" inconclusive="0" skipped="0" asserts="235">
          <failure>
            <message><![CDATA[One or more child tests had errors]]></message>
          </failure>
          <test-case id="1042" name="AssemblyAloneIsValid" fullname="NUnitLite.Tests.CommandLineTests.AssemblyAloneIsValid" methodname="AssemblyAloneIsValid" classname="NUnitLite.Tests.CommandLineTests" runstate="Runnable" seed="1695247760" result="Passed" start-time="2017-05-23 07:30:51Z" end-time="2017-05-23 07:30:51Z" duration="0.004160" asserts="2" />
          <test-case id="1041" name="AssemblyName" fullname="NUnitLite.Tests.CommandLineTests.AssemblyName" methodname="AssemblyName" classname="NUnitLite.Tests.CommandLineTests" runstate="Runnable" seed="96378498" result="Passed" start-time="2017-05-23 07:30:51Z" end-time="2017-05-23 07:30:51Z" duration="0.000746" asserts="3" />
          <test-suite type="ParameterizedMethod" id="1010" name="AtsignFilenameTests" fullname="NUnitLite.Tests.CommandLineTests.AtsignFilenameTests" classname="NUnitLite.Tests.CommandLineTests" runstate="Runnable" testcasecount="9" result="Failed" site="Child" start-time="2017-05-23 07:30:51Z" end-time="2017-05-23 07:30:52Z" duration="0.238611" total="9" passed="2" failed="7" warnings="0" inconclusive="0" skipped="0" asserts="12">
            <failure>
              <message><![CDATA[One or more child tests had errors]]></message>
            </failure>
            <test-case id="1001" name="AtsignFilenameTests(&quot;--arg1 @file1.txt --arg2&quot;,&quot;file1.txt&quot;,&quot;--filearg1\r\n--filearg2&quot;,&quot;--arg1 --filearg1 --filearg2 --arg2&quot;,&quot;&quot;)" fullname="NUnitLite.Tests.CommandLineTests.AtsignFilenameTests(&quot;--arg1 @file1.txt --arg2&quot;,&quot;file1.txt&quot;,&quot;--filearg1\r\n--filearg2&quot;,&quot;--arg1 --filearg1 --filearg2 --arg2&quot;,&quot;&quot;)" methodname="AtsignFilenameTests" classname="NUnitLite.Tests.CommandLineTests" runstate="Runnable" seed="248248726" result="Failed" start-time="2017-05-23 07:30:51Z" end-time="2017-05-23 07:30:51Z" duration="0.029907" asserts="1">
              <failure>
                <message><![CDATA[  Expected string length 35 but was 13. Strings differ at index 9.
  Expected: "--arg1 --filearg1 --filearg2 --arg2"
  But was:  "--arg1 --arg2"
  --------------------^
]]></message>
                <stack-trace><![CDATA[在 NUnitLite.Tests.CommandLineTests.AtsignFilenameTests(String commandLine, String testFileNames, String testFileContents, String expectedArgs, String expectedErrors)
]]></stack-trace>
              </failure>
              <assertions>
                <assertion result="Failed">
                  <message><![CDATA[  Expected string length 35 but was 13. Strings differ at index 9.
  Expected: "--arg1 --filearg1 --filearg2 --arg2"
  But was:  "--arg1 --arg2"
  --------------------^
]]></message>
                  <stack-trace><![CDATA[在 NUnitLite.Tests.CommandLineTests.AtsignFilenameTests(String commandLine, String testFileNames, String testFileContents, String expectedArgs, String expectedErrors)
]]></stack-trace>
                </assertion>
              </assertions>
            </test-case>
            <test-case id="1002" name="AtsignFilenameTests(&quot;--arg1 @file1.txt --arg2&quot;,&quot;file1.txt&quot;,&quot;--filearg1 --filearg2&quot;,&quot;--arg1 --filearg1 --filearg2 --arg2&quot;,&quot;&quot;)" fullname="NUnitLite.Tests.CommandLineTests.AtsignFilenameTests(&quot;--arg1 @file1.txt --arg2&quot;,&quot;file1.txt&quot;,&quot;--filearg1 --filearg2&quot;,&quot;--arg1 --filearg1 --filearg2 --arg2&quot;,&quot;&quot;)" methodname="AtsignFilenameTests" classname="NUnitLite.Tests.CommandLineTests" runstate="Runnable" seed="1807897182" result="Failed" start-time="2017-05-23 07:30:51Z" end-time="2017-05-23 07:30:51Z" duration="0.005665" asserts="1">
              <failure>
                <message><![CDATA[  Expected string length 35 but was 13. Strings differ at index 9.
  Expected: "--arg1 --filearg1 --filearg2 --arg2"
  But was:  "--arg1 --arg2"
  --------------------^
]]></message>
                <stack-trace><![CDATA[在 NUnitLite.Tests.CommandLineTests.AtsignFilenameTests(String commandLine, String testFileNames, String testFileContents, String expectedArgs, String expectedErrors)
]]></stack-trace>
              </failure>
              <assertions>
                <assertion result="Failed">
                  <message><![CDATA[  Expected string length 35 but was 13. Strings differ at index 9.
  Expected: "--arg1 --filearg1 --filearg2 --arg2"
  But was:  "--arg1 --arg2"
  --------------------^
]]></message>
                  <stack-trace><![CDATA[在 NUnitLite.Tests.CommandLineTests.AtsignFilenameTests(String commandLine, String testFileNames, String testFileContents, String expectedArgs, String expectedErrors)
]]></stack-trace>
                </assertion>
              </assertions>
            </test-case>
            <test-case id="1003" name="AtsignFilenameTests(&quot;--arg1 @file1.txt --arg2&quot;,&quot;file1.txt&quot;,&quot;--filearg1 --filearg2\r\n--filearg3 --filearg4&quot;,&quot;--arg1 --filearg1 --filearg2 --filearg3 --filearg4 --arg2&quot;,&quot;&quot;)" fullname="NUnitLite.Tests.CommandLineTests.AtsignFilenameTests(&quot;--arg1 @file1.txt --arg2&quot;,&quot;file1.txt&quot;,&quot;--filearg1 --filearg2\r\n--filearg3 --filearg4&quot;,&quot;--arg1 --filearg1 --filearg2 --filearg3 --filearg4 --arg2&quot;,&quot;&quot;)" methodname="AtsignFilenameTests" classname="NUnitLite.Tests.CommandLineTests" runstate="Runnable" seed="1120396887" result="Failed" start-time="2017-05-23 07:30:51Z" end-time="2017-05-23 07:30:51Z" duration="0.087637" asserts="1">
              <failure>
                <message><![CDATA[  Expected string length 57 but was 13. Strings differ at index 9.
  Expected: "--arg1 --filearg1 --filearg2 --filearg3 --filearg4 --arg2"
  But was:  "--arg1 --arg2"
  --------------------^
]]></message>
                <stack-trace><![CDATA[在 NUnitLite.Tests.CommandLineTests.AtsignFilenameTests(String commandLine, String testFileNames, String testFileContents, String expectedArgs, String expectedErrors)
]]></stack-trace>
              </failure>
              <assertions>
                <assertion result="Failed">
                  <message><![CDATA[  Expected string length 57 but was 13. Strings differ at index 9.
  Expected: "--arg1 --filearg1 --filearg2 --filearg3 --filearg4 --arg2"
  But was:  "--arg1 --arg2"
  --------------------^
]]></message>
                  <stack-trace><![CDATA[在 NUnitLite.Tests.CommandLineTests.AtsignFilenameTests(String commandLine, String testFileNames, String testFileContents, String expectedArgs, String expectedErrors)
]]></stack-trace>
                </assertion>
              </assertions>
            </test-case>
            <test-case id="1004" name="AtsignFilenameTests(&quot;--arg1 @[,]file1.txt --arg2&quot;,&quot;file1.txt&quot;,&quot;--filearg1:filearg2\r\nfilearg3\r\nfilearg4&quot;,&quot;--arg1 --filearg1:filearg2,filearg3,filearg4 --arg2&quot;,&quot;&quot;)" fullname="NUnitLite.Tests.CommandLineTests.AtsignFilenameTests(&quot;--arg1 @[,]file1.txt --arg2&quot;,&quot;file1.txt&quot;,&quot;--filearg1:filearg2\r\nfilearg3\r\nfilearg4&quot;,&quot;--arg1 --filearg1:filearg2,filearg3,filearg4 --arg2&quot;,&quot;&quot;)" methodname="AtsignFilenameTests" classname="NUnitLite.Tests.CommandLineTests" runstate="Runnable" seed="1937549434" result="Failed" start-time="2017-05-23 07:30:51Z" end-time="2017-05-23 07:30:51Z" duration="0.023453" asserts="1">
              <failure>
                <message><![CDATA[  Expected string length 51 but was 13. Strings differ at index 9.
  Expected: "--arg1 --filearg1:filearg2,filearg3,filearg4 --arg2"
  But was:  "--arg1 --arg2"
  --------------------^
]]></message>
                <stack-trace><![CDATA[在 NUnitLite.Tests.CommandLineTests.AtsignFilenameTests(String commandLine, String testFileNames, String testFileContents, String expectedArgs, String expectedErrors)
]]></stack-trace>
              </failure>
              <assertions>
                <assertion result="Failed">
                  <message><![CDATA[  Expected string length 51 but was 13. Strings differ at index 9.
  Expected: "--arg1 --filearg1:filearg2,filearg3,filearg4 --arg2"
  But was:  "--arg1 --arg2"
  --------------------^
]]></message>
                  <stack-trace><![CDATA[在 NUnitLite.Tests.CommandLineTests.AtsignFilenameTests(String commandLine, String testFileNames, String testFileContents, String expectedArgs, String expectedErrors)
]]></stack-trace>
                </assertion>
              </assertions>
            </test-case>
            <test-case id="1005" name="AtsignFilenameTests(&quot;--arg1 @file1.txt --arg2&quot;,&quot;&quot;,&quot;&quot;,&quot;--arg1 --arg2&quot;,&quot;The file \&quot;file1.txt\&quot; was not found&quot;)" fullname="NUnitLite.Tests.CommandLineTests.AtsignFilenameTests(&quot;--arg1 @file1.txt --arg2&quot;,&quot;&quot;,&quot;&quot;,&quot;--arg1 --arg2&quot;,&quot;The file \&quot;file1.txt\&quot; was not found&quot;)" methodname="AtsignFilenameTests" classname="NUnitLite.Tests.CommandLineTests" runstate="Runnable" seed="1075471520" result="Passed" start-time="2017-05-23 07:30:51Z" end-time="2017-05-23 07:30:51Z" duration="0.002463" asserts="2" />
            <test-case id="1006" name="AtsignFilenameTests(&quot;--arg1 @ --arg2&quot;,&quot;&quot;,&quot;&quot;,&quot;--arg1 --arg2&quot;,&quot;The file name should not be empty&quot;)" fullname="NUnitLite.Tests.CommandLineTests.AtsignFilenameTests(&quot;--arg1 @ --arg2&quot;,&quot;&quot;,&quot;&quot;,&quot;--arg1 --arg2&quot;,&quot;The file name should not be empty&quot;)" methodname="AtsignFilenameTests" classname="NUnitLite.Tests.CommandLineTests" runstate="Runnable" seed="394762876" result="Passed" start-time="2017-05-23 07:30:51Z" end-time="2017-05-23 07:30:51Z" duration="0.000189" asserts="2" />
            <test-case id="1007" name="AtsignFilenameTests(&quot;--arg1 @file1.txt --arg2 @file2.txt&quot;,&quot;file1.txt|file2.txt&quot;,&quot;--filearg1 --filearg2|--filearg3&quot;,&quot;--arg1 --filearg1 --filearg2 --arg2 --filearg3&quot;,&quot;&quot;)" fullname="NUnitLite.Tests.CommandLineTests.AtsignFilenameTests(&quot;--arg1 @file1.txt --arg2 @file2.txt&quot;,&quot;file1.txt|file2.txt&quot;,&quot;--filearg1 --filearg2|--filearg3&quot;,&quot;--arg1 --filearg1 --filearg2 --arg2 --filearg3&quot;,&quot;&quot;)" methodname="AtsignFilenameTests" classname="NUnitLite.Tests.CommandLineTests" runstate="Runnable" seed="1674421791" result="Failed" start-time="2017-05-23 07:30:51Z" end-time="2017-05-23 07:30:51Z" duration="0.019848" asserts="1">
              <failure>
                <message><![CDATA[  Expected string length 46 but was 13. Strings differ at index 9.
  Expected: "--arg1 --filearg1 --filearg2 --arg2 --filearg3"
  But was:  "--arg1 --arg2"
  --------------------^
]]></message>
                <stack-trace><![CDATA[在 NUnitLite.Tests.CommandLineTests.AtsignFilenameTests(String commandLine, String testFileNames, String testFileContents, String expectedArgs, String expectedErrors)
]]></stack-trace>
              </failure>
              <assertions>
                <assertion result="Failed">
                  <message><![CDATA[  Expected string length 46 but was 13. Strings differ at index 9.
  Expected: "--arg1 --filearg1 --filearg2 --arg2 --filearg3"
  But was:  "--arg1 --arg2"
  --------------------^
]]></message>
                  <stack-trace><![CDATA[在 NUnitLite.Tests.CommandLineTests.AtsignFilenameTests(String commandLine, String testFileNames, String testFileContents, String expectedArgs, String expectedErrors)
]]></stack-trace>
                </assertion>
              </assertions>
            </test-case>
            <test-case id="1008" name="AtsignFilenameTests(&quot;--arg1 @file1.txt --arg2&quot;,&quot;file1.txt&quot;,&quot;&quot;,&quot;--arg1 --arg2&quot;,&quot;&quot;)" fullname="NUnitLite.Tests.CommandLineTests.AtsignFilenameTests(&quot;--arg1 @file1.txt --arg2&quot;,&quot;file1.txt&quot;,&quot;&quot;,&quot;--arg1 --arg2&quot;,&quot;&quot;)" methodname="AtsignFilenameTests" classname="NUnitLite.Tests.CommandLineTests" runstate="Runnable" seed="509818349" result="Failed" start-time="2017-05-23 07:30:51Z" end-time="2017-05-23 07:30:51Z" duration="0.009687" asserts="2">
              <failure>
                <message><![CDATA[  Expected is <System.Collections.Generic.List`1[System.String]> with 1 elements, actual is <System.String[0]>
  Values differ at index [0]
  Missing:  < "The file "file1.txt" was not found" >]]></message>
                <stack-trace><![CDATA[在 NUnitLite.Tests.CommandLineTests.AtsignFilenameTests(String commandLine, String testFileNames, String testFileContents, String expectedArgs, String expectedErrors)
]]></stack-trace>
              </failure>
              <assertions>
                <assertion result="Failed">
                  <message><![CDATA[  Expected is <System.Collections.Generic.List`1[System.String]> with 1 elements, actual is <System.String[0]>
  Values differ at index [0]
  Missing:  < "The file "file1.txt" was not found" >]]></message>
                  <stack-trace><![CDATA[在 NUnitLite.Tests.CommandLineTests.AtsignFilenameTests(String commandLine, String testFileNames, String testFileContents, String expectedArgs, String expectedErrors)
]]></stack-trace>
                </assertion>
              </assertions>
            </test-case>
            <test-case id="1009" name="AtsignFilenameTests(&quot;--arg1 @file1.txt --arg2 @file2.txt&quot;,&quot;file1.txt|file2.txt|file3.txt&quot;,&quot;--filearg1 --filearg2|--filearg3 @file3.txt|--filearg4&quot;,&quot;--arg1 --filearg1 --filearg2 --arg2 --filearg3 --filearg4&quot;,&quot;&quot;)" fullname="NUnitLite.Tests.CommandLineTests.AtsignFilenameTests(&quot;--arg1 @file1.txt --arg2 @file2.txt&quot;,&quot;file1.txt|file2.txt|file3.txt&quot;,&quot;--filearg1 --filearg2|--filearg3 @file3.txt|--filearg4&quot;,&quot;--arg1 --filearg1 --filearg2 --arg2 --filearg3 --filearg4&quot;,&quot;&quot;)" methodname="AtsignFilenameTests" classname="NUnitLite.Tests.CommandLineTests" runstate="Runnable" seed="1347528951" result="Failed" start-time="2017-05-23 07:30:52Z" end-time="2017-05-23 07:30:52Z" duration="0.019949" asserts="1">
              <failure>
                <message><![CDATA[  Expected string length 57 but was 13. Strings differ at index 9.
  Expected: "--arg1 --filearg1 --filearg2 --arg2 --filearg3 --filearg4"
  But was:  "--arg1 --arg2"
  --------------------^
]]></message>
                <stack-trace><![CDATA[在 NUnitLite.Tests.CommandLineTests.AtsignFilenameTests(String commandLine, String testFileNames, String testFileContents, String expectedArgs, String expectedErrors)
]]></stack-trace>
              </failure>
              <assertions>
                <assertion result="Failed">
                  <message><![CDATA[  Expected string length 57 but was 13. Strings differ at index 9.
  Expected: "--arg1 --filearg1 --filearg2 --arg2 --filearg3 --filearg4"
  But was:  "--arg1 --arg2"
  --------------------^
]]></message>
                  <stack-trace><![CDATA[在 NUnitLite.Tests.CommandLineTests.AtsignFilenameTests(String commandLine, String testFileNames, String testFileContents, String expectedArgs, String expectedErrors)
]]></stack-trace>
                </assertion>
              </assertions>
            </test-case>
          </test-suite>
          <test-suite type="ParameterizedMethod" id="1019" name="CanRecognizeBooleanOptions" fullname="NUnitLite.Tests.CommandLineTests.CanRecognizeBooleanOptions" classname="NUnitLite.Tests.CommandLineTests" runstate="Runnable" testcasecount="7" result="Passed" start-time="2017-05-23 07:30:52Z" end-time="2017-05-23 07:30:52Z" duration="0.032108" total="7" passed="7" failed="0" warnings="0" inconclusive="0" skipped="0" asserts="34">
            <test-case id="1012" name="CanRecognizeBooleanOptions(&quot;ShowHelp&quot;,&quot;help|h&quot;)" fullname="NUnitLite.Tests.CommandLineTests.CanRecognizeBooleanOptions(&quot;ShowHelp&quot;,&quot;help|h&quot;)" methodname="CanRecognizeBooleanOptions" classname="NUnitLite.Tests.CommandLineTests" runstate="Runnable" seed="425970431" result="Passed" start-time="2017-05-23 07:30:52Z" end-time="2017-05-23 07:30:52Z" duration="0.003535" asserts="6">
              <output><![CDATA[Testing ShowHelp
]]></output>
            </test-case>
            <test-case id="1013" name="CanRecognizeBooleanOptions(&quot;ShowVersion&quot;,&quot;version|V&quot;)" fullname="NUnitLite.Tests.CommandLineTests.CanRecognizeBooleanOptions(&quot;ShowVersion&quot;,&quot;version|V&quot;)" methodname="CanRecognizeBooleanOptions" classname="NUnitLite.Tests.CommandLineTests" runstate="Runnable" seed="1717462943" result="Passed" start-time="2017-05-23 07:30:52Z" end-time="2017-05-23 07:30:52Z" duration="0.000721" asserts="6">
              <output><![CDATA[Testing ShowVersion
]]></output>
            </test-case>
            <test-case id="1014" name="CanRecognizeBooleanOptions(&quot;StopOnError&quot;,&quot;stoponerror&quot;)" fullname="NUnitLite.Tests.CommandLineTests.CanRecognizeBooleanOptions(&quot;StopOnError&quot;,&quot;stoponerror&quot;)" methodname="CanRecognizeBooleanOptions" classname="NUnitLite.Tests.CommandLineTests" runstate="Runnable" seed="1485963368" result="Passed" start-time="2017-05-23 07:30:52Z" end-time="2017-05-23 07:30:52Z" duration="0.000609" asserts="4">
              <output><![CDATA[Testing StopOnError
]]></output>
            </test-case>
            <test-case id="1015" name="CanRecognizeBooleanOptions(&quot;WaitBeforeExit&quot;,&quot;wait&quot;)" fullname="NUnitLite.Tests.CommandLineTests.CanRecognizeBooleanOptions(&quot;WaitBeforeExit&quot;,&quot;wait&quot;)" methodname="CanRecognizeBooleanOptions" classname="NUnitLite.Tests.CommandLineTests" runstate="Runnable" seed="75569920" result="Passed" start-time="2017-05-23 07:30:52Z" end-time="2017-05-23 07:30:52Z" duration="0.000682" asserts="4">
              <output><![CDATA[Testing WaitBeforeExit
]]></output>
            </test-case>
            <test-case id="1016" name="CanRecognizeBooleanOptions(&quot;NoHeader&quot;,&quot;noheader|noh&quot;)" fullname="NUnitLite.Tests.CommandLineTests.CanRecognizeBooleanOptions(&quot;NoHeader&quot;,&quot;noheader|noh&quot;)" methodname="CanRecognizeBooleanOptions" classname="NUnitLite.Tests.CommandLineTests" runstate="Runnable" seed="598498387" result="Passed" start-time="2017-05-23 07:30:52Z" end-time="2017-05-23 07:30:52Z" duration="0.000813" asserts="6">
              <output><![CDATA[Testing NoHeader
]]></output>
            </test-case>
            <test-case id="1017" name="CanRecognizeBooleanOptions(&quot;Full&quot;,&quot;full&quot;)" fullname="NUnitLite.Tests.CommandLineTests.CanRecognizeBooleanOptions(&quot;Full&quot;,&quot;full&quot;)" methodname="CanRecognizeBooleanOptions" classname="NUnitLite.Tests.CommandLineTests" runstate="Runnable" seed="1579613844" result="Passed" start-time="2017-05-23 07:30:52Z" end-time="2017-05-23 07:30:52Z" duration="0.000628" asserts="4">
              <output><![CDATA[Testing Full
]]></output>
            </test-case>
            <test-case id="1018" name="CanRecognizeBooleanOptions(&quot;TeamCity&quot;,&quot;teamcity&quot;)" fullname="NUnitLite.Tests.CommandLineTests.CanRecognizeBooleanOptions(&quot;TeamCity&quot;,&quot;teamcity&quot;)" methodname="CanRecognizeBooleanOptions" classname="NUnitLite.Tests.CommandLineTests" runstate="Runnable" seed="864620810" result="Passed" start-time="2017-05-23 07:30:52Z" end-time="2017-05-23 07:30:52Z" duration="0.000575" asserts="4">
              <output><![CDATA[Testing TeamCity
]]></output>
            </test-case>
          </test-suite>
          <test-suite type="ParameterizedMethod" id="1033" name="CanRecognizeIntOptions" fullname="NUnitLite.Tests.CommandLineTests.CanRecognizeIntOptions" classname="NUnitLite.Tests.CommandLineTests" runstate="Runnable" testcasecount="3" result="Passed" start-time="2017-05-23 07:30:52Z" end-time="2017-05-23 07:30:52Z" duration="0.013045" total="3" passed="3" failed="0" warnings="0" inconclusive="0" skipped="0" asserts="9">
            <test-case id="1030" name="CanRecognizeIntOptions(&quot;DefaultTimeout&quot;,&quot;timeout&quot;)" fullname="NUnitLite.Tests.CommandLineTests.CanRecognizeIntOptions(&quot;DefaultTimeout&quot;,&quot;timeout&quot;)" methodname="CanRecognizeIntOptions" classname="NUnitLite.Tests.CommandLineTests" runstate="Runnable" seed="1156686549" result="Passed" start-time="2017-05-23 07:30:52Z" end-time="2017-05-23 07:30:52Z" duration="0.001436" asserts="3" />
            <test-case id="1031" name="CanRecognizeIntOptions(&quot;RandomSeed&quot;,&quot;seed&quot;)" fullname="NUnitLite.Tests.CommandLineTests.CanRecognizeIntOptions(&quot;RandomSeed&quot;,&quot;seed&quot;)" methodname="CanRecognizeIntOptions" classname="NUnitLite.Tests.CommandLineTests" runstate="Runnable" seed="290523366" result="Passed" start-time="2017-05-23 07:30:52Z" end-time="2017-05-23 07:30:52Z" duration="0.000416" asserts="3" />
            <test-case id="1032" name="CanRecognizeIntOptions(&quot;NumberOfTestWorkers&quot;,&quot;workers&quot;)" fullname="NUnitLite.Tests.CommandLineTests.CanRecognizeIntOptions(&quot;NumberOfTestWorkers&quot;,&quot;workers&quot;)" methodname="CanRecognizeIntOptions" classname="NUnitLite.Tests.CommandLineTests" runstate="Runnable" seed="706641320" result="Passed" start-time="2017-05-23 07:30:52Z" end-time="2017-05-23 07:30:52Z" duration="0.000420" asserts="3" />
          </test-suite>
          <test-suite type="ParameterizedMethod" id="1029" name="CanRecognizeLowerCaseOptionValues" fullname="NUnitLite.Tests.CommandLineTests.CanRecognizeLowerCaseOptionValues" classname="NUnitLite.Tests.CommandLineTests" runstate="Runnable" testcasecount="2" result="Passed" start-time="2017-05-23 07:30:52Z" end-time="2017-05-23 07:30:52Z" duration="0.013045" total="2" passed="2" failed="0" warnings="0" inconclusive="0" skipped="0" asserts="22">
            <test-case id="1027" name="CanRecognizeLowerCaseOptionValues(&quot;DisplayTestLabels&quot;,&quot;labels&quot;,System.String[])" fullname="NUnitLite.Tests.CommandLineTests.CanRecognizeLowerCaseOptionValues(&quot;DisplayTestLabels&quot;,&quot;labels&quot;,System.String[])" methodname="CanRecognizeLowerCaseOptionValues" classname="NUnitLite.Tests.CommandLineTests" runstate="Runnable" seed="1424440569" result="Passed" start-time="2017-05-23 07:30:52Z" end-time="2017-05-23 07:30:52Z" duration="0.005738" asserts="8" />
            <test-case id="1028" name="CanRecognizeLowerCaseOptionValues(&quot;InternalTraceLevel&quot;,&quot;trace&quot;,System.String[])" fullname="NUnitLite.Tests.CommandLineTests.CanRecognizeLowerCaseOptionValues(&quot;InternalTraceLevel&quot;,&quot;trace&quot;,System.String[])" methodname="CanRecognizeLowerCaseOptionValues" classname="NUnitLite.Tests.CommandLineTests" runstate="Runnable" seed="1278922948" result="Passed" start-time="2017-05-23 07:30:52Z" end-time="2017-05-23 07:30:52Z" duration="0.000828" asserts="14" />
          </test-suite>
          <test-suite type="ParameterizedMethod" id="1026" name="CanRecognizeStringOptions" fullname="NUnitLite.Tests.CommandLineTests.CanRecognizeStringOptions" classname="NUnitLite.Tests.CommandLineTests" runstate="Runnable" testcasecount="6" result="Passed" start-time="2017-05-23 07:30:52Z" end-time="2017-05-23 07:30:52Z" duration="0.026085" total="6" passed="6" failed="0" warnings="0" inconclusive="0" skipped="0" asserts="42">
            <test-case id="1020" name="CanRecognizeStringOptions(&quot;WhereClause&quot;,&quot;where&quot;,System.String[],System.String[])" fullname="NUnitLite.Tests.CommandLineTests.CanRecognizeStringOptions(&quot;WhereClause&quot;,&quot;where&quot;,System.String[],System.String[])" methodname="CanRecognizeStringOptions" classname="NUnitLite.Tests.CommandLineTests" runstate="Runnable" seed="1224689881" result="Passed" start-time="2017-05-23 07:30:52Z" end-time="2017-05-23 07:30:52Z" duration="0.002252" asserts="4" />
            <test-case id="1021" name="CanRecognizeStringOptions(&quot;DisplayTestLabels&quot;,&quot;labels&quot;,System.String[],System.String[])" fullname="NUnitLite.Tests.CommandLineTests.CanRecognizeStringOptions(&quot;DisplayTestLabels&quot;,&quot;labels&quot;,System.String[],System.String[])" methodname="CanRecognizeStringOptions" classname="NUnitLite.Tests.CommandLineTests" runstate="Runnable" seed="508318489" result="Passed" start-time="2017-05-23 07:30:52Z" end-time="2017-05-23 07:30:52Z" duration="0.000374" asserts="9" />
            <test-case id="1022" name="CanRecognizeStringOptions(&quot;OutFile&quot;,&quot;output|out&quot;,System.String[],System.String[])" fullname="NUnitLite.Tests.CommandLineTests.CanRecognizeStringOptions(&quot;OutFile&quot;,&quot;output|out&quot;,System.String[],System.String[])" methodname="CanRecognizeStringOptions" classname="NUnitLite.Tests.CommandLineTests" runstate="Runnable" seed="1620866361" result="Passed" start-time="2017-05-23 07:30:52Z" end-time="2017-05-23 07:30:52Z" duration="0.000702" asserts="6" />
            <test-case id="1023" name="CanRecognizeStringOptions(&quot;ErrFile&quot;,&quot;err&quot;,System.String[],System.String[])" fullname="NUnitLite.Tests.CommandLineTests.CanRecognizeStringOptions(&quot;ErrFile&quot;,&quot;err&quot;,System.String[],System.String[])" methodname="CanRecognizeStringOptions" classname="NUnitLite.Tests.CommandLineTests" runstate="Runnable" seed="1022327949" result="Passed" start-time="2017-05-23 07:30:52Z" end-time="2017-05-23 07:30:52Z" duration="0.000628" asserts="4" />
            <test-case id="1024" name="CanRecognizeStringOptions(&quot;WorkDirectory&quot;,&quot;work&quot;,System.String[],System.String[])" fullname="NUnitLite.Tests.CommandLineTests.CanRecognizeStringOptions(&quot;WorkDirectory&quot;,&quot;work&quot;,System.String[],System.String[])" methodname="CanRecognizeStringOptions" classname="NUnitLite.Tests.CommandLineTests" runstate="Runnable" seed="1554878992" result="Passed" start-time="2017-05-23 07:30:52Z" end-time="2017-05-23 07:30:52Z" duration="0.000510" asserts="4" />
            <test-case id="1025" name="CanRecognizeStringOptions(&quot;InternalTraceLevel&quot;,&quot;trace&quot;,System.String[],System.String[])" fullname="NUnitLite.Tests.CommandLineTests.CanRecognizeStringOptions(&quot;InternalTraceLevel&quot;,&quot;trace&quot;,System.String[],System.String[])" methodname="CanRecognizeStringOptions" classname="NUnitLite.Tests.CommandLineTests" runstate="Runnable" seed="905259604" result="Passed" start-time="2017-05-23 07:30:52Z" end-time="2017-05-23 07:30:52Z" duration="0.000403" asserts="15" />
          </test-suite>
          <test-case id="1055" name="DefaultResultSpecification" fullname="NUnitLite.Tests.CommandLineTests.DefaultResultSpecification" methodname="DefaultResultSpecification" classname="NUnitLite.Tests.CommandLineTests" runstate="Runnable" seed="1776442097" result="Passed" start-time="2017-05-23 07:30:52Z" end-time="2017-05-23 07:30:52Z" duration="0.001475" asserts="4" />
          <test-case id="1075" name="DisplayTestParameters" fullname="NUnitLite.Tests.CommandLineTests.DisplayTestParameters" methodname="DisplayTestParameters" classname="NUnitLite.Tests.CommandLineTests" runstate="Runnable" seed="1464920242" result="Passed" start-time="2017-05-23 07:30:52Z" end-time="2017-05-23 07:30:52Z" duration="0.000889" asserts="0">
            <output><![CDATA[No Test Parameters were passed
]]></output>
          </test-case>
          <test-case id="1059" name="ExploreOptionWithFilePath" fullname="NUnitLite.Tests.CommandLineTests.ExploreOptionWithFilePath" methodname="ExploreOptionWithFilePath" classname="NUnitLite.Tests.CommandLineTests" runstate="Runnable" seed="662225906" result="Passed" start-time="2017-05-23 07:30:52Z" end-time="2017-05-23 07:30:52Z" duration="0.001393" asserts="7" />
          <test-case id="1060" name="ExploreOptionWithFilePathAndFormat" fullname="NUnitLite.Tests.CommandLineTests.ExploreOptionWithFilePathAndFormat" methodname="ExploreOptionWithFilePathAndFormat" classname="NUnitLite.Tests.CommandLineTests" runstate="Runnable" seed="1293235986" result="Passed" start-time="2017-05-23 07:30:52Z" end-time="2017-05-23 07:30:52Z" duration="0.001257" asserts="7" />
          <test-case id="1061" name="ExploreOptionWithFilePathAndTransform" fullname="NUnitLite.Tests.CommandLineTests.ExploreOptionWithFilePathAndTransform" methodname="ExploreOptionWithFilePathAndTransform" classname="NUnitLite.Tests.CommandLineTests" runstate="Runnable" seed="550483049" result="Passed" start-time="2017-05-23 07:30:52Z" end-time="2017-05-23 07:30:52Z" duration="0.001245" asserts="7" />
          <test-case id="1062" name="ExploreOptionWithFilePathUsingEqualSign" fullname="NUnitLite.Tests.CommandLineTests.ExploreOptionWithFilePathUsingEqualSign" methodname="ExploreOptionWithFilePathUsingEqualSign" classname="NUnitLite.Tests.CommandLineTests" runstate="Runnable" seed="1467901569" result="Passed" start-time="2017-05-23 07:30:52Z" end-time="2017-05-23 07:30:52Z" duration="0.001031" asserts="5" />
          <test-case id="1058" name="ExploreOptionWithoutPath" fullname="NUnitLite.Tests.CommandLineTests.ExploreOptionWithoutPath" methodname="ExploreOptionWithoutPath" classname="NUnitLite.Tests.CommandLineTests" runstate="Runnable" seed="2142162197" result="Passed" start-time="2017-05-23 07:30:52Z" end-time="2017-05-23 07:30:52Z" duration="0.000577" asserts="2" />
          <test-case id="1049" name="FileNameWithoutResultOptionLooksLikeParameter" fullname="NUnitLite.Tests.CommandLineTests.FileNameWithoutResultOptionLooksLikeParameter" methodname="FileNameWithoutResultOptionLooksLikeParameter" classname="NUnitLite.Tests.CommandLineTests" runstate="Runnable" seed="2119143038" result="Passed" start-time="2017-05-23 07:30:52Z" end-time="2017-05-23 07:30:52Z" duration="0.000685" asserts="3" />
          <test-case id="1044" name="InvalidCommandLineParms" fullname="NUnitLite.Tests.CommandLineTests.InvalidCommandLineParms" methodname="InvalidCommandLineParms" classname="NUnitLite.Tests.CommandLineTests" runstate="Runnable" seed="879408822" result="Passed" start-time="2017-05-23 07:30:52Z" end-time="2017-05-23 07:30:52Z" duration="0.002606" asserts="4" />
          <test-case id="1043" name="InvalidOption" fullname="NUnitLite.Tests.CommandLineTests.InvalidOption" methodname="InvalidOption" classname="NUnitLite.Tests.CommandLineTests" runstate="Runnable" seed="1274091413" result="Passed" start-time="2017-05-23 07:30:52Z" end-time="2017-05-23 07:30:52Z" duration="0.000771" asserts="3" />
          <test-suite type="ParameterizedMethod" id="1040" name="MissingValuesAreReported" fullname="NUnitLite.Tests.CommandLineTests.MissingValuesAreReported" classname="NUnitLite.Tests.CommandLineTests" runstate="Runnable" testcasecount="6" result="Passed" start-time="2017-05-23 07:30:52Z" end-time="2017-05-23 07:30:52Z" duration="0.024093" total="6" passed="6" failed="0" warnings="0" inconclusive="0" skipped="0" asserts="12">
            <test-case id="1034" name="MissingValuesAreReported(&quot;--where&quot;)" fullname="NUnitLite.Tests.CommandLineTests.MissingValuesAreReported(&quot;--where&quot;)" methodname="MissingValuesAreReported" classname="NUnitLite.Tests.CommandLineTests" runstate="Runnable" seed="1277755653" result="Passed" start-time="2017-05-23 07:30:52Z" end-time="2017-05-23 07:30:52Z" duration="0.000567" asserts="2" />
            <test-case id="1035" name="MissingValuesAreReported(&quot;--timeout&quot;)" fullname="NUnitLite.Tests.CommandLineTests.MissingValuesAreReported(&quot;--timeout&quot;)" methodname="MissingValuesAreReported" classname="NUnitLite.Tests.CommandLineTests" runstate="Runnable" seed="1885533951" result="Passed" start-time="2017-05-23 07:30:52Z" end-time="2017-05-23 07:30:52Z" duration="0.000175" asserts="2" />
            <test-case id="1036" name="MissingValuesAreReported(&quot;--output&quot;)" fullname="NUnitLite.Tests.CommandLineTests.MissingValuesAreReported(&quot;--output&quot;)" methodname="MissingValuesAreReported" classname="NUnitLite.Tests.CommandLineTests" runstate="Runnable" seed="1680916745" result="Passed" start-time="2017-05-23 07:30:52Z" end-time="2017-05-23 07:30:52Z" duration="0.000167" asserts="2" />
            <test-case id="1037" name="MissingValuesAreReported(&quot;--err&quot;)" fullname="NUnitLite.Tests.CommandLineTests.MissingValuesAreReported(&quot;--err&quot;)" methodname="MissingValuesAreReported" classname="NUnitLite.Tests.CommandLineTests" runstate="Runnable" seed="1077255452" result="Passed" start-time="2017-05-23 07:30:52Z" end-time="2017-05-23 07:30:52Z" duration="0.000156" asserts="2" />
            <test-case id="1038" name="MissingValuesAreReported(&quot;--work&quot;)" fullname="NUnitLite.Tests.CommandLineTests.MissingValuesAreReported(&quot;--work&quot;)" methodname="MissingValuesAreReported" classname="NUnitLite.Tests.CommandLineTests" runstate="Runnable" seed="1740301071" result="Passed" start-time="2017-05-23 07:30:52Z" end-time="2017-05-23 07:30:52Z" duration="0.000225" asserts="2" />
            <test-case id="1039" name="MissingValuesAreReported(&quot;--trace&quot;)" fullname="NUnitLite.Tests.CommandLineTests.MissingValuesAreReported(&quot;--trace&quot;)" methodname="MissingValuesAreReported" classname="NUnitLite.Tests.CommandLineTests" runstate="Runnable" seed="305073318" result="Passed" start-time="2017-05-23 07:30:52Z" end-time="2017-05-23 07:30:52Z" duration="0.000225" asserts="2" />
          </test-suite>
          <test-case id="1011" name="NoInputFiles" fullname="NUnitLite.Tests.CommandLineTests.NoInputFiles" methodname="NoInputFiles" classname="NUnitLite.Tests.CommandLineTests" runstate="Runnable" seed="1787291441" result="Passed" start-time="2017-05-23 07:30:52Z" end-time="2017-05-23 07:30:52Z" duration="0.000724" asserts="2" />
          <test-case id="1057" name="NoResultSuppressesAllResultSpecifications" fullname="NUnitLite.Tests.CommandLineTests.NoResultSuppressesAllResultSpecifications" methodname="NoResultSuppressesAllResultSpecifications" classname="NUnitLite.Tests.CommandLineTests" runstate="Runnable" seed="46294309" result="Passed" start-time="2017-05-23 07:30:52Z" end-time="2017-05-23 07:30:52Z" duration="0.001119" asserts="1" />
          <test-case id="1056" name="NoResultSuppressesDefaultResultSpecification" fullname="NUnitLite.Tests.CommandLineTests.NoResultSuppressesDefaultResultSpecification" methodname="NoResultSuppressesDefaultResultSpecification" classname="NUnitLite.Tests.CommandLineTests" runstate="Runnable" seed="828206027" result="Passed" start-time="2017-05-23 07:30:52Z" end-time="2017-05-23 07:30:52Z" duration="0.000679" asserts="1" />
          <test-case id="1074" name="ParameterWithoutEqualSignIsInvalid" fullname="NUnitLite.Tests.CommandLineTests.ParameterWithoutEqualSignIsInvalid" methodname="ParameterWithoutEqualSignIsInvalid" classname="NUnitLite.Tests.CommandLineTests" runstate="Runnable" seed="476690982" result="Passed" start-time="2017-05-23 07:30:52Z" end-time="2017-05-23 07:30:52Z" duration="0.001473" asserts="1" />
          <test-case id="1054" name="ResultOptionMayBeRepeated" fullname="NUnitLite.Tests.CommandLineTests.ResultOptionMayBeRepeated" methodname="ResultOptionMayBeRepeated" classname="NUnitLite.Tests.CommandLineTests" runstate="Runnable" seed="1298031724" result="Passed" start-time="2017-05-23 07:30:52Z" end-time="2017-05-23 07:30:52Z" duration="0.001463" asserts="11" />
          <test-case id="1050" name="ResultOptionWithFilePath" fullname="NUnitLite.Tests.CommandLineTests.ResultOptionWithFilePath" methodname="ResultOptionWithFilePath" classname="NUnitLite.Tests.CommandLineTests" runstate="Runnable" seed="1244273629" result="Passed" start-time="2017-05-23 07:30:52Z" end-time="2017-05-23 07:30:52Z" duration="0.000874" asserts="6" />
          <test-case id="1051" name="ResultOptionWithFilePathAndFormat" fullname="NUnitLite.Tests.CommandLineTests.ResultOptionWithFilePathAndFormat" methodname="ResultOptionWithFilePathAndFormat" classname="NUnitLite.Tests.CommandLineTests" runstate="Runnable" seed="396256277" result="Passed" start-time="2017-05-23 07:30:52Z" end-time="2017-05-23 07:30:52Z" duration="0.000849" asserts="6" />
          <test-case id="1052" name="ResultOptionWithFilePathAndTransform" fullname="NUnitLite.Tests.CommandLineTests.ResultOptionWithFilePathAndTransform" methodname="ResultOptionWithFilePathAndTransform" classname="NUnitLite.Tests.CommandLineTests" runstate="Runnable" seed="1660828873" result="Passed" start-time="2017-05-23 07:30:52Z" end-time="2017-05-23 07:30:52Z" duration="0.001154" asserts="6" />
          <test-case id="1053" name="ResultOptionWithoutFileNameIsInvalid" fullname="NUnitLite.Tests.CommandLineTests.ResultOptionWithoutFileNameIsInvalid" methodname="ResultOptionWithoutFileNameIsInvalid" classname="NUnitLite.Tests.CommandLineTests" runstate="Runnable" seed="111652351" result="Passed" start-time="2017-05-23 07:30:52Z" end-time="2017-05-23 07:30:52Z" duration="0.000780" asserts="2" />
          <test-suite type="ParameterizedMethod" id="1069" name="ShouldSetTeamCityFlagAccordingToArgsAndDefaults" fullname="NUnitLite.Tests.CommandLineTests.ShouldSetTeamCityFlagAccordingToArgsAndDefaults" classname="NUnitLite.Tests.CommandLineTests" runstate="Runnable" testcasecount="6" result="Passed" start-time="2017-05-23 07:30:52Z" end-time="2017-05-23 07:30:52Z" duration="0.025080" total="6" passed="6" failed="0" warnings="0" inconclusive="0" skipped="0" asserts="6">
            <test-case id="1063" name="ShouldSetTeamCityFlagAccordingToArgsAndDefaults(True,null,True)" fullname="NUnitLite.Tests.CommandLineTests.ShouldSetTeamCityFlagAccordingToArgsAndDefaults(True,null,True)" methodname="ShouldSetTeamCityFlagAccordingToArgsAndDefaults" classname="NUnitLite.Tests.CommandLineTests" runstate="Runnable" seed="30879760" result="Passed" start-time="2017-05-23 07:30:52Z" end-time="2017-05-23 07:30:52Z" duration="0.000812" asserts="1" />
            <test-case id="1064" name="ShouldSetTeamCityFlagAccordingToArgsAndDefaults(False,null,False)" fullname="NUnitLite.Tests.CommandLineTests.ShouldSetTeamCityFlagAccordingToArgsAndDefaults(False,null,False)" methodname="ShouldSetTeamCityFlagAccordingToArgsAndDefaults" classname="NUnitLite.Tests.CommandLineTests" runstate="Runnable" seed="1742112305" result="Passed" start-time="2017-05-23 07:30:52Z" end-time="2017-05-23 07:30:52Z" duration="0.000154" asserts="1" />
            <test-case id="1065" name="ShouldSetTeamCityFlagAccordingToArgsAndDefaults(True,False,True)" fullname="NUnitLite.Tests.CommandLineTests.ShouldSetTeamCityFlagAccordingToArgsAndDefaults(True,False,True)" methodname="ShouldSetTeamCityFlagAccordingToArgsAndDefaults" classname="NUnitLite.Tests.CommandLineTests" runstate="Runnable" seed="462356378" result="Passed" start-time="2017-05-23 07:30:52Z" end-time="2017-05-23 07:30:52Z" duration="0.001167" asserts="1" />
            <test-case id="1066" name="ShouldSetTeamCityFlagAccordingToArgsAndDefaults(False,False,False)" fullname="NUnitLite.Tests.CommandLineTests.ShouldSetTeamCityFlagAccordingToArgsAndDefaults(False,False,False)" methodname="ShouldSetTeamCityFlagAccordingToArgsAndDefaults" classname="NUnitLite.Tests.CommandLineTests" runstate="Runnable" seed="1730133989" result="Passed" start-time="2017-05-23 07:30:52Z" end-time="2017-05-23 07:30:52Z" duration="0.000175" asserts="1" />
            <test-case id="1067" name="ShouldSetTeamCityFlagAccordingToArgsAndDefaults(True,True,True)" fullname="NUnitLite.Tests.CommandLineTests.ShouldSetTeamCityFlagAccordingToArgsAndDefaults(True,True,True)" methodname="ShouldSetTeamCityFlagAccordingToArgsAndDefaults" classname="NUnitLite.Tests.CommandLineTests" runstate="Runnable" seed="78111602" result="Passed" start-time="2017-05-23 07:30:52Z" end-time="2017-05-23 07:30:52Z" duration="0.000200" asserts="1" />
            <test-case id="1068" name="ShouldSetTeamCityFlagAccordingToArgsAndDefaults(False,True,True)" fullname="NUnitLite.Tests.CommandLineTests.ShouldSetTeamCityFlagAccordingToArgsAndDefaults(False,True,True)" methodname="ShouldSetTeamCityFlagAccordingToArgsAndDefaults" classname="NUnitLite.Tests.CommandLineTests" runstate="Runnable" seed="101694565" result="Passed" start-time="2017-05-23 07:30:52Z" end-time="2017-05-23 07:30:52Z" duration="0.000205" asserts="1" />
          </test-suite>
          <test-case id="1070" name="SingleTestParameter" fullname="NUnitLite.Tests.CommandLineTests.SingleTestParameter" methodname="SingleTestParameter" classname="NUnitLite.Tests.CommandLineTests" runstate="Runnable" seed="1433029623" result="Passed" start-time="2017-05-23 07:30:52Z" end-time="2017-05-23 07:30:52Z" duration="0.003661" asserts="2" />
          <test-case id="1073" name="ThreeTestParametersInTwoOptions" fullname="NUnitLite.Tests.CommandLineTests.ThreeTestParametersInTwoOptions" methodname="ThreeTestParametersInTwoOptions" classname="NUnitLite.Tests.CommandLineTests" runstate="Runnable" seed="525940989" result="Passed" start-time="2017-05-23 07:30:52Z" end-time="2017-05-23 07:30:52Z" duration="0.000720" asserts="2" />
          <test-case id="1048" name="TimeoutCausesErrorIfValueIsNotInteger" fullname="NUnitLite.Tests.CommandLineTests.TimeoutCausesErrorIfValueIsNotInteger" methodname="TimeoutCausesErrorIfValueIsNotInteger" classname="NUnitLite.Tests.CommandLineTests" runstate="Runnable" seed="1160024963" result="Passed" start-time="2017-05-23 07:30:52Z" end-time="2017-05-23 07:30:52Z" duration="0.001000" asserts="2" />
          <test-case id="1045" name="TimeoutIsMinusOneIfNoOptionIsProvided" fullname="NUnitLite.Tests.CommandLineTests.TimeoutIsMinusOneIfNoOptionIsProvided" methodname="TimeoutIsMinusOneIfNoOptionIsProvided" classname="NUnitLite.Tests.CommandLineTests" runstate="Runnable" seed="1047085946" result="Passed" start-time="2017-05-23 07:30:52Z" end-time="2017-05-23 07:30:52Z" duration="0.000694" asserts="2" />
          <test-case id="1047" name="TimeoutParsesIntValueCorrectly" fullname="NUnitLite.Tests.CommandLineTests.TimeoutParsesIntValueCorrectly" methodname="TimeoutParsesIntValueCorrectly" classname="NUnitLite.Tests.CommandLineTests" runstate="Runnable" seed="444715801" result="Passed" start-time="2017-05-23 07:30:52Z" end-time="2017-05-23 07:30:52Z" duration="0.000719" asserts="2" />
          <test-case id="1046" name="TimeoutThrowsExceptionIfOptionHasNoValue" fullname="NUnitLite.Tests.CommandLineTests.TimeoutThrowsExceptionIfOptionHasNoValue" methodname="TimeoutThrowsExceptionIfOptionHasNoValue" classname="NUnitLite.Tests.CommandLineTests" runstate="Runnable" seed="1299901693" result="Passed" start-time="2017-05-23 07:30:52Z" end-time="2017-05-23 07:30:52Z" duration="0.003176" asserts="1" />
          <test-case id="1071" name="TwoTestParametersInOneOption" fullname="NUnitLite.Tests.CommandLineTests.TwoTestParametersInOneOption" methodname="TwoTestParametersInOneOption" classname="NUnitLite.Tests.CommandLineTests" runstate="Runnable" seed="2004283970" result="Passed" start-time="2017-05-23 07:30:52Z" end-time="2017-05-23 07:30:52Z" duration="0.000852" asserts="2" />
          <test-case id="1072" name="TwoTestParametersInSeparateOptions" fullname="NUnitLite.Tests.CommandLineTests.TwoTestParametersInSeparateOptions" methodname="TwoTestParametersInSeparateOptions" classname="NUnitLite.Tests.CommandLineTests" runstate="Runnable" seed="212640079" result="Passed" start-time="2017-05-23 07:30:52Z" end-time="2017-05-23 07:30:52Z" duration="0.000828" asserts="2" />
        </test-suite>
      </test-suite>
    </test-suite>
  </test-suite>
</test-run>